{
  "build_id": "2026.52.P.001",
  "legacy_accepted_build_ids": [
    "2026.52.K.001",
    "2026.52.L.001",
    "2026.52.M.001",
    "2026.52.N.001",
    "2026.52.O.001",
    "2026.52.P.001"
  ],
  "dependency_validation": {
    "ready": true,
    "checked": [
      "aiosqlite",
      "anyio",
      "apscheduler",
      "certifi",
      "cryptography",
      "dns",
      "dotenv",
      "fastapi",
      "httpx",
      "numpy",
      "orjson",
      "pydantic",
      "pydantic_settings",
      "sqlalchemy",
      "starlette",
      "typing_extensions",
      "uvicorn",
      "websockets",
      "yaml"
    ],
    "missing": [],
    "discovered_import_roots": [
      "ConfigParser",
      "HTMLParser",
      "IPython",
      "OpenSSL",
      "Queue",
      "StringIO",
      "UserDict",
      "__builtin__",
      "__future__",
      "__main__",
      "__pypy__",
      "__version__",
      "_abcoll",
      "_abnf",
      "_aix_support",
      "_api",
      "_ast",
      "_async",
      "_asyncio_compat",
      "_auth",
      "_autogen",
      "_autogen_fixtures",
      "_backends",
      "_base",
      "_base_connection",
      "_bcrypt",
      "_callers",
      "_cell_widths",
      "_cffi_backend",
      "_client",
      "_cmsgpack",
      "_code",
      "_collections",
      "_compat",
      "_concurrency_py3k",
      "_config",
      "_content",
      "_core",
      "_core_metadata",
      "_core_utils",
      "_dataclasses",
      "_decoders",
      "_decorators",
      "_dists",
      "_dml_constructors",
      "_docs_extraction",
      "_dummy_thread",
      "_elements_constructors",
      "_elffile",
      "_emoji_codes",
      "_emoji_replace",
      "_envs",
      "_eventloop",
      "_events",
      "_exceptions",
      "_export_format",
      "_extension",
      "_fields",
      "_fileno",
      "_forward_ref",
      "_frozen_importlib",
      "_frozen_importlib_external",
      "_generate_schema",
      "_generics",
      "_greenlet",
      "_has_cy",
      "_headers",
      "_hooks",
      "_imp",
      "_impl",
      "_import_utils",
      "_in_process",
      "_internal",
      "_internal_dataclass",
      "_internal_utils",
      "_interpqueues",
      "_interpreters",
      "_json",
      "_loader",
      "_log_render",
      "_loop",
      "_macos",
      "_main",
      "_manager",
      "_manylinux",
      "_migration",
      "_mock_val_ser",
      "_models",
      "_multipart",
      "_namespace_utils",
      "_native",
      "_openssl",
      "_orm_constructors",
      "_orm_types",
      "_osx_support",
      "_palettes",
      "_parse",
      "_parser",
      "_pick",
      "_psycopg_common",
      "_py_collections",
      "_py_processors",
      "_py_row",
      "_py_util",
      "_pydantic_core",
      "_pytest",
      "_ratio",
      "_re",
      "_readers",
      "_receivebuffer",
      "_repr",
      "_request_methods",
      "_resources",
      "_result",
      "_rust_notify",
      "_schema_generation_shared",
      "_selectable_constructors",
      "_serializers",
      "_signature",
      "_socket",
      "_sockets",
      "_spdx",
      "_speedups",
      "_spinners",
      "_sqlite3",
      "_ssl",
      "_ssl_constants",
      "_state",
      "_status_codes",
      "_std_types_schema",
      "_streams",
      "_subprocesses",
      "_sync",
      "_synchronization",
      "_tasks",
      "_termui_impl",
      "_testing",
      "_textwrap",
      "_thread",
      "_timer",
      "_tokenizer",
      "_trace",
      "_transports",
      "_types",
      "_typeshed",
      "_typing",
      "_typing_extra",
      "_urlparse",
      "_urls",
      "_util",
      "_utils",
      "_validators",
      "_version",
      "_warnings",
      "_winconsole",
      "_windows",
      "_winreg",
      "_wrap",
      "_writers",
      "a2wsgi",
      "abc",
      "abstract",
      "adapters",
      "aioquic",
      "aiosqlite",
      "alembic",
      "algorithms",
      "alias_generators",
      "aliases",
      "align",
      "android",
      "annotated_handlers",
      "annotated_types",
      "annotation",
      "annotationlib",
      "ansi",
      "ansitowin32",
      "anyio",
      "api",
      "api_jwk",
      "api_jws",
      "api_jwt",
      "api_key",
      "app",
      "applications",
      "apscheduler",
      "argcomplete",
      "argparse",
      "argparsing",
      "array",
      "asgi",
      "assertions",
      "assertsql",
      "ast",
      "ast_transforms",
      "async_timeout",
      "asyncio",
      "asyncmy",
      "asyncpg",
      "atexit",
      "attr",
      "attributes",
      "auth",
      "autogenerate",
      "azure",
      "babel",
      "background",
      "backports",
      "backup",
      "base",
      "base64",
      "batch",
      "bcrypt",
      "bdb",
      "beaker",
      "binascii",
      "bisect",
      "box",
      "brotli",
      "brotlicffi",
      "bson",
      "builtins",
      "bz2",
      "cPickle",
      "cProfile",
      "cStringIO",
      "c_lexer",
      "cache_key",
      "calendar",
      "candidates",
      "cells",
      "certifi",
      "cffi",
      "cffi_opcode",
      "cgi",
      "cli",
      "click",
      "client",
      "clsregistry",
      "code",
      "codecs",
      "coercions",
      "collections",
      "color",
      "color_triplet",
      "colorama",
      "colorsys",
      "columns",
      "commontypes",
      "compare",
      "compat",
      "compatibility",
      "compileall",
      "compiler",
      "composer",
      "compression",
      "concurrency",
      "concurrent",
      "config",
      "configparser",
      "connection",
      "connection_pool",
      "connectionpool",
      "connectors",
      "console",
      "constrain",
      "constructor",
      "containers",
      "context",
      "contextlib",
      "contextlib2",
      "contextvars",
      "contrib",
      "control",
      "cookies",
      "copy",
      "copyreg",
      "core",
      "core_schema",
      "coverage",
      "create",
      "criterion",
      "cryptography",
      "csv",
      "ctypes",
      "cursor",
      "cx_Oracle",
      "cyaml",
      "cyextension",
      "cython",
      "dataclasses",
      "datastructures",
      "datetime",
      "ddl",
      "decimal",
      "decl_api",
      "decl_base",
      "decorators",
      "default",
      "default_styles",
      "deliverability",
      "dependency",
      "deprecated",
      "deprecations",
      "descriptor_props",
      "dialects",
      "difflib",
      "dis",
      "distro",
      "distutils",
      "dml",
      "dns",
      "doctest",
      "docutils",
      "dogpile",
      "dotenv",
      "dummy_thread",
      "dummy_threading",
      "dumper",
      "dynamic",
      "editor",
      "elements",
      "email",
      "email_validator",
      "embed",
      "emitter",
      "emoji",
      "encodings",
      "engine",
      "entities",
      "enum",
      "enumerated",
      "env",
      "environment",
      "errno",
      "error",
      "errors",
      "eval_type_backport",
      "event",
      "eventlet",
      "events",
      "exc",
      "exceptiongroup",
      "exceptions",
      "exceptions_types",
      "exclusions",
      "expression",
      "ext",
      "extensions",
      "factory",
      "fallback",
      "fastapi",
      "fastapi_cli",
      "faulthandler",
      "fcntl",
      "fetch",
      "fields",
      "file_proxy",
      "filelock",
      "filepost",
      "filters",
      "findpaths",
      "fixtures",
      "fnmatch",
      "formatting",
      "found_candidates",
      "fractions",
      "frames",
      "framing",
      "from_thread",
      "funcsigs",
      "functional_serializers",
      "functional_validators",
      "functions",
      "functools",
      "gc",
      "getpass",
      "gettext",
      "gevent",
      "glob",
      "globals",
      "greenlet",
      "grp",
      "gunicorn",
      "gzip",
      "h11",
      "h2",
      "handshake",
      "hashlib",
      "headers",
      "helpers",
      "highlighter",
      "hmac",
      "hooks",
      "hstore",
      "html",
      "htmlentitydefs",
      "http",
      "http11",
      "http2",
      "http_proxy",
      "httpcore",
      "httplib",
      "httptools",
      "httpx",
      "hypothesis",
      "identity",
      "idna",
      "imp",
      "impl",
      "importlib",
      "importlib_metadata",
      "importlib_resources",
      "imports",
      "iniconfig",
      "initialise",
      "inspect",
      "inspection",
      "instrumentation",
      "interfaces",
      "intranges",
      "io",
      "ipaddress",
      "ipython",
      "ipywidgets",
      "itertools",
      "itsdangerous",
      "java",
      "jinja2",
      "jnius",
      "js",
      "json",
      "json_schema",
      "jupyter",
      "jwk_set_cache",
      "jwks_client",
      "kazoo",
      "keyring",
      "keyword",
      "lambdas",
      "langhelpers",
      "leakcheck",
      "legacy",
      "licenses",
      "linecache",
      "lingua",
      "live",
      "live_render",
      "loader",
      "loading",
      "locale",
      "lock",
      "log",
      "logging",
      "lowlevel",
      "lzma",
      "main",
      "mako",
      "mapped_collection",
      "mapper",
      "markers",
      "markup",
      "markupsafe",
      "marshal",
      "math",
      "measure",
      "messages",
      "messaging",
      "migration",
      "mimetypes",
      "mmap",
      "mock",
      "models",
      "msvcrt",
      "multipart",
      "multiprocessing",
      "mypy",
      "mysql",
      "mysqldb",
      "named_types",
      "names",
      "netrc",
      "networks",
      "nodes",
      "ntpath",
      "numbers",
      "numpy",
      "oauth2",
      "objgraph",
      "open_id_connect_url",
      "operations",
      "operator",
      "operators",
      "ops",
      "optparse",
      "oracledb",
      "orjson",
      "orm",
      "os",
      "outcome",
      "package_data",
      "packaging",
      "padding",
      "pager",
      "palette",
      "panel",
      "param_functions",
      "parser",
      "path_registry",
      "pathlib",
      "pdb",
      "pexpect",
      "pg_catalog",
      "pickle",
      "pip",
      "pkg_resources",
      "pkgutil",
      "platform",
      "plistlib",
      "pluggy",
      "plugin",
      "pool",
      "poolmanager",
      "posixpath",
      "pprint",
      "preloaded",
      "pretty",
      "progress_bar",
      "properties",
      "protocol",
      "providers",
      "provision",
      "pstats",
      "psutil",
      "psycopg",
      "psycopg2",
      "pty",
      "pwd",
      "py",
      "py_compile",
      "pyannotate_runtime",
      "pycparser",
      "pydantic",
      "pydantic_core",
      "pydantic_settings",
      "pyfiles",
      "pygments",
      "pymongo",
      "pymysql",
      "pyodbc",
      "pyodide",
      "pysqlcipher3",
      "pysqlite",
      "pytest",
      "python_multipart",
      "pythoncom",
      "pytz",
      "query",
      "queue",
      "random",
      "ranges",
      "re",
      "reader",
      "readline",
      "recompiler",
      "redis",
      "reflection",
      "region",
      "registry",
      "relationships",
      "render",
      "reporters",
      "reports",
      "repr",
      "representer",
      "reprlib",
      "req_file",
      "req_install",
      "req_set",
      "request",
      "requests",
      "requirements",
      "reserved_words",
      "resolution",
      "resolver",
      "resolvers",
      "resources",
      "response",
      "responses",
      "result",
      "rethinkdb",
      "retry",
      "revision",
      "rewriter",
      "rfc_constants",
      "rich",
      "roles",
      "root_model",
      "routing",
      "row",
      "rule",
      "run",
      "runpy",
      "runtime",
      "scanner",
      "schema",
      "scope",
      "scoping",
      "screen",
      "script",
      "secrets",
      "segment",
      "select",
      "selectable",
      "selectors",
      "serializer",
      "server",
      "service",
      "session",
      "sessions",
      "sets",
      "setuptools",
      "shell_completion",
      "shlex",
      "shutil",
      "signal",
      "site",
      "six",
      "smoke",
      "sniffio",
      "socket",
      "socks",
      "socks_proxy",
      "socksio",
      "source",
      "sources",
      "specifiers",
      "speedups",
      "sphinx",
      "spinner",
      "sql",
      "sqla_compat",
      "sqla_plugin_base",
      "sqlalchemy",
      "sqlcipher3",
      "sqlite3",
      "sqltypes",
      "ssl",
      "ssl_",
      "ssltransport",
      "starlette",
      "stat",
      "state",
      "state_changes",
      "status",
      "status_codes",
      "strategies",
      "strategy_options",
      "streams",
      "string",
      "struct",
      "structs",
      "structures",
      "style",
      "styled",
      "subprocess",
      "sync",
      "syntax",
      "sys",
      "sysconfig",
      "table",
      "tags",
      "tarfile",
      "tempfile",
      "terminal_theme",
      "terminalwriter",
      "termios",
      "termui",
      "test_autogen_comments",
      "test_autogen_computed",
      "test_autogen_diffs",
      "test_autogen_fks",
      "test_autogen_identity",
      "test_cte",
      "test_ddl",
      "test_deprecations",
      "test_dialect",
      "test_environment",
      "test_insert",
      "test_op",
      "test_reflection",
      "test_results",
      "test_rowcount",
      "test_select",
      "test_sequence",
      "test_types",
      "test_unicode_ddl",
      "test_update_delete",
      "testing",
      "tests",
      "text",
      "textwrap",
      "theme",
      "thread",
      "threading",
      "time",
      "timeit",
      "timeout",
      "token",
      "tokenize",
      "tokens",
      "toml",
      "tomli",
      "tomllib",
      "tool_discovery",
      "tornado",
      "traceback",
      "tracemalloc",
      "traversals",
      "trio",
      "tty",
      "twisted",
      "type_adapter",
      "type_api",
      "types",
      "typing",
      "typing_extensions",
      "tzlocal",
      "ujson",
      "unicodedata",
      "unitofwork",
      "unittest",
      "uri",
      "url",
      "url_parser",
      "urllib",
      "urllib2",
      "urlparse",
      "util",
      "utils",
      "uts46data",
      "uuid",
      "uvicorn",
      "uvloop",
      "validate_call_decorator",
      "validate_email",
      "variables",
      "verifier",
      "version",
      "visitors",
      "wait",
      "warning_types",
      "warnings",
      "watchfiles",
      "watchgod",
      "wcwidth",
      "weakref",
      "webbrowser",
      "websockets",
      "win32",
      "winloop",
      "winreg",
      "winterm",
      "wmi",
      "writeonly",
      "wsgi",
      "wsproto",
      "xml",
      "xmlrpc",
      "xmlrpclib",
      "yaml",
      "yasara_desktop",
      "zipfile",
      "zipimport",
      "zlib",
      "zoneinfo",
      "zope",
      "zstandard"
    ],
    "validated_packages": [
      "aiosqlite",
      "anyio",
      "apscheduler",
      "certifi",
      "cryptography",
      "dns",
      "dotenv",
      "fastapi",
      "httpx",
      "numpy",
      "orjson",
      "pydantic",
      "pydantic_settings",
      "sqlalchemy",
      "starlette",
      "typing_extensions",
      "uvicorn",
      "websockets",
      "yaml"
    ]
  },
  "source_validation": {
    "ready": true,
    "checks": {
      "router_exists": true,
      "desktop_entry_exists": true,
      "frontend_dist_exists": true,
      "router_registry_only": true
    }
  },
  "staging": {
    "ready": true,
    "source_router": "D:\\yasara_clean\\backend\\app\\api\\v1\\router.py",
    "staged_router": "D:\\yasara_clean\\.build_stage\\backend\\app\\api\\v1\\router.py",
    "source_sha256": "8d7ac57e55b5c1cbe22259dbf3fade8e3af2601920468fa0487c63ef08dc208c",
    "staged_sha256": "8d7ac57e55b5c1cbe22259dbf3fade8e3af2601920468fa0487c63ef08dc208c"
  },
  "return_code": 0,
  "exe_exists": true,
  "exe_path": "D:\\yasara_clean\\dist\\windows\\portable\\YaSara\\YaSara.exe",
  "sha256": "c86deb4dfc2c9f0a147c764d0c72ce27425cccaf1edf2afb0295c84fd584ff10",
  "packaged_backend_validation": {
    "ready": true,
    "checks": {
      "source_exists": true,
      "stage_exists": true,
      "packaged_exists": true,
      "hash_match": true,
      "packaged_router_clean": true
    },
    "hashes": {
      "source": "8d7ac57e55b5c1cbe22259dbf3fade8e3af2601920468fa0487c63ef08dc208c",
      "stage": "8d7ac57e55b5c1cbe22259dbf3fade8e3af2601920468fa0487c63ef08dc208c",
      "packaged": "8d7ac57e55b5c1cbe22259dbf3fade8e3af2601920468fa0487c63ef08dc208c"
    }
  },
  "executable_validation": {
    "ready": true,
    "exe_return_code": 1,
    "health_ok": true,
    "health_url": "http://127.0.0.1:8000/docs",
    "health_status": 200,
    "probe_results": {
      "http://127.0.0.1:8000/api/v1/health": "<urlopen error timed out>",
      "http://127.0.0.1:8000/health": "<urlopen error timed out>",
      "http://127.0.0.1:8000/docs": 200,
      "http://127.0.0.1:8000/openapi.json": "<urlopen error timed out>"
    },
    "runtime_report": null,
    "backend_stderr_tail": ""
  }
}

735 INFO: PyInstaller: 6.21.0, contrib hooks: 2026.6
737 INFO: Python: 3.12.10
784 INFO: Platform: Windows-11-10.0.26200-SP0
784 INFO: Python environment: C:\Program Files\Python312
792 INFO: Removing temporary files and cleaning cache in C:\Users\rasou\AppData\Local\pyinstaller
34218 WARNING: collect_data_files - skipping data collection for module 'typing_extensions' as it is not a package.
34218 WARNING: collect_dynamic_libs - skipping library collection for module 'typing_extensions' as it is not a package.
C:\Users\rasou\AppData\Roaming\Python\Python312\site-packages\pydantic\experimental\__init__.py:7: PydanticExperimentalWarning: This module is experimental, its contents are subject to change and deprecation.
  warnings.warn(
C:\Users\rasou\AppData\Roaming\Python\Python312\site-packages\pydantic\experimental\__init__.py:7: PydanticExperimentalWarning: This module is experimental, its contents are subject to change and deprecation.
  warnings.warn(
62959 INFO: Module search paths (PYTHONPATH):
['D:\\yasara_clean',
 'C:\\Program Files\\Python312\\python312.zip',
 'C:\\Program Files\\Python312\\DLLs',
 'C:\\Program Files\\Python312\\Lib',
 'C:\\Program Files\\Python312',
 'C:\\Users\\rasou\\AppData\\Roaming\\Python\\Python312\\site-packages',
 'C:\\Program Files\\Python312\\Lib\\site-packages',
 'D:\\yasara_clean\\desktop',
 'D:\\yasara_clean',
 'D:\\yasara_clean\\.build_stage\\backend']
63773 INFO: Appending 'datas' from .spec
64453 INFO: checking Analysis
64453 INFO: Building Analysis because Analysis-00.toc is non existent
64453 INFO: Looking for Python shared library...
64459 INFO: Using Python shared library: C:\Program Files\Python312\python312.dll
64459 INFO: Running Analysis Analysis-00.toc
64459 INFO: Target bytecode optimization level: 0
64459 INFO: Initializing module dependency graph...
64463 INFO: Initializing module graph hook caches...
64715 INFO: Analyzing modules for base_library.zip ...
67017 INFO: Processing standard module hook 'hook-encodings.py' from 'C:\\Users\\rasou\\AppData\\Roaming\\Python\\Python312\\site-packages\\PyInstaller\\hooks'
68976 INFO: Processing standard module hook 'hook-math.py' from 'C:\\Users\\rasou\\AppData\\Roaming\\Python\\Python312\\site-packages\\PyInstaller\\hooks'
71981 INFO: Processing standard module hook 'hook-pickle.py' from 'C:\\Users\\rasou\\AppData\\Roaming\\Python\\Python312\\site-packages\\PyInstaller\\hooks'
75014 INFO: Processing standard module hook 'hook-heapq.py' from 'C:\\Users\\rasou\\AppData\\Roaming\\Python\\Python312\\site-packages\\PyInstaller\\hooks'
76811 INFO: Caching module dependency graph...
76950 INFO: Analyzing D:\yasara_clean\desktop\yasara_desktop.py
77967 INFO: Processing standard module hook 'hook-webbrowser.py' from 'C:\\Users\\rasou\\AppData\\Roaming\\Python\\Python312\\site-packages\\PyInstaller\\hooks'
78010 INFO: Processing standard module hook 'hook-uvicorn.py' from 'C:\\Users\\rasou\\AppData\\Roaming\\Python\\Python312\\site-packages\\_pyinstaller_hooks_contrib\\stdhooks'
79278 INFO: Processing standard module hook 'hook-multiprocessing.util.py' from 'C:\\Users\\rasou\\AppData\\Roaming\\Python\\Python312\\site-packages\\PyInstaller\\hooks'
79571 INFO: Processing standard module hook 'hook-xml.py' from 'C:\\Users\\rasou\\AppData\\Roaming\\Python\\Python312\\site-packages\\PyInstaller\\hooks'
80313 INFO: Processing standard module hook 'hook-_ctypes.py' from 'C:\\Users\\rasou\\AppData\\Roaming\\Python\\Python312\\site-packages\\PyInstaller\\hooks'
82293 INFO: Processing standard module hook 'hook-platform.py' from 'C:\\Users\\rasou\\AppData\\Roaming\\Python\\Python312\\site-packages\\PyInstaller\\hooks'
82461 INFO: Processing pre-safe-import-module hook 'hook-typing_extensions.py' from 'C:\\Users\\rasou\\AppData\\Roaming\\Python\\Python312\\site-packages\\PyInstaller\\hooks\\pre_safe_import_module'
82472 INFO: SetuptoolsInfo: initializing cached setuptools info...
84657 INFO: Processing standard module hook 'hook-difflib.py' from 'C:\\Users\\rasou\\AppData\\Roaming\\Python\\Python312\\site-packages\\PyInstaller\\hooks'
86272 INFO: Processing standard module hook 'hook-websockets.py' from 'C:\\Users\\rasou\\AppData\\Roaming\\Python\\Python312\\site-packages\\_pyinstaller_hooks_contrib\\stdhooks'
88390 INFO: Processing standard module hook 'hook-anyio.py' from 'C:\\Users\\rasou\\AppData\\Roaming\\Python\\Python312\\site-packages\\_pyinstaller_hooks_contrib\\stdhooks'
91294 INFO: Processing standard module hook 'hook-pydantic.py' from 'C:\\Users\\rasou\\AppData\\Roaming\\Python\\Python312\\site-packages\\_pyinstaller_hooks_contrib\\stdhooks'
C:\Users\rasou\AppData\Roaming\Python\Python312\site-packages\pydantic\experimental\__init__.py:7: PydanticExperimentalWarning: This module is experimental, its contents are subject to change and deprecation.
  warnings.warn(
94782 INFO: Processing standard module hook 'hook-certifi.py' from 'C:\\Users\\rasou\\AppData\\Roaming\\Python\\Python312\\site-packages\\_pyinstaller_hooks_contrib\\stdhooks'
96650 INFO: Processing standard module hook 'hook-dns.rdata.py' from 'C:\\Users\\rasou\\AppData\\Roaming\\Python\\Python312\\site-packages\\_pyinstaller_hooks_contrib\\stdhooks'
98460 INFO: Processing standard module hook 'hook-zoneinfo.py' from 'C:\\Users\\rasou\\AppData\\Roaming\\Python\\Python312\\site-packages\\_pyinstaller_hooks_contrib\\stdhooks'
98565 INFO: Processing standard module hook 'hook-sysconfig.py' from 'C:\\Users\\rasou\\AppData\\Roaming\\Python\\Python312\\site-packages\\PyInstaller\\hooks'
101405 INFO: Processing standard module hook 'hook-orjson.py' from 'C:\\Users\\rasou\\AppData\\Roaming\\Python\\Python312\\site-packages\\_pyinstaller_hooks_contrib\\stdhooks'
101842 INFO: Processing pre-safe-import-module hook 'hook-tomli.py' from 'C:\\Users\\rasou\\AppData\\Roaming\\Python\\Python312\\site-packages\\PyInstaller\\hooks\\pre_safe_import_module'
101847 INFO: Setuptools: 'tomli' appears to be a setuptools-vendored copy - creating alias to 'setuptools._vendor.tomli'!
101866 INFO: Processing standard module hook 'hook-setuptools.py' from 'C:\\Users\\rasou\\AppData\\Roaming\\Python\\Python312\\site-packages\\PyInstaller\\hooks'
101911 INFO: Processing pre-safe-import-module hook 'hook-distutils.py' from 'C:\\Users\\rasou\\AppData\\Roaming\\Python\\Python312\\site-packages\\PyInstaller\\hooks\\pre_safe_import_module'
101994 INFO: Processing pre-safe-import-module hook 'hook-jaraco.py' from 'C:\\Users\\rasou\\AppData\\Roaming\\Python\\Python312\\site-packages\\PyInstaller\\hooks\\pre_safe_import_module'
101996 INFO: Setuptools: 'jaraco' appears to be a full setuptools-vendored copy - creating alias to 'setuptools._vendor.jaraco'!
102027 INFO: Processing pre-safe-import-module hook 'hook-more_itertools.py' from 'C:\\Users\\rasou\\AppData\\Roaming\\Python\\Python312\\site-packages\\PyInstaller\\hooks\\pre_safe_import_module'
102031 INFO: Setuptools: 'more_itertools' appears to be a setuptools-vendored copy - creating alias to 'setuptools._vendor.more_itertools'!
102788 INFO: Processing pre-safe-import-module hook 'hook-packaging.py' from 'C:\\Users\\rasou\\AppData\\Roaming\\Python\\Python312\\site-packages\\PyInstaller\\hooks\\pre_safe_import_module'
103611 INFO: Processing standard module hook 'hook-setuptools._vendor.jaraco.text.py' from 'C:\\Users\\rasou\\AppData\\Roaming\\Python\\Python312\\site-packages\\PyInstaller\\hooks'
103617 INFO: Processing pre-safe-import-module hook 'hook-importlib_resources.py' from 'C:\\Users\\rasou\\AppData\\Roaming\\Python\\Python312\\site-packages\\PyInstaller\\hooks\\pre_safe_import_module'
103638 INFO: Processing pre-safe-import-module hook 'hook-backports.py' from 'C:\\Users\\rasou\\AppData\\Roaming\\Python\\Python312\\site-packages\\PyInstaller\\hooks\\pre_safe_import_module'
103641 INFO: Setuptools: 'backports' appears to be a full setuptools-vendored copy - creating alias to 'setuptools._vendor.backports'!
104125 INFO: Processing pre-safe-import-module hook 'hook-importlib_metadata.py' from 'C:\\Users\\rasou\\AppData\\Roaming\\Python\\Python312\\site-packages\\PyInstaller\\hooks\\pre_safe_import_module'
104129 INFO: Setuptools: 'importlib_metadata' appears to be a setuptools-vendored copy - creating alias to 'setuptools._vendor.importlib_metadata'!
104216 INFO: Processing standard module hook 'hook-setuptools._vendor.importlib_metadata.py' from 'C:\\Users\\rasou\\AppData\\Roaming\\Python\\Python312\\site-packages\\PyInstaller\\hooks'
104296 INFO: Processing pre-safe-import-module hook 'hook-zipp.py' from 'C:\\Users\\rasou\\AppData\\Roaming\\Python\\Python312\\site-packages\\PyInstaller\\hooks\\pre_safe_import_module'
104300 INFO: Setuptools: 'zipp' appears to be a setuptools-vendored copy - creating alias to 'setuptools._vendor.zipp'!
106452 INFO: Processing pre-safe-import-module hook 'hook-wheel.py' from 'C:\\Users\\rasou\\AppData\\Roaming\\Python\\Python312\\site-packages\\PyInstaller\\hooks\\pre_safe_import_module'
106454 INFO: Setuptools: 'wheel' appears to be a setuptools-vendored copy - creating alias to 'setuptools._vendor.wheel'!
106817 INFO: Processing standard module hook 'hook-sqlalchemy.py' from 'C:\\Users\\rasou\\AppData\\Roaming\\Python\\Python312\\site-packages\\PyInstaller\\hooks'
118578 INFO: Analyzing hidden import 'aiosqlite'
118584 INFO: Processing standard module hook 'hook-sqlite3.py' from 'C:\\Users\\rasou\\AppData\\Roaming\\Python\\Python312\\site-packages\\PyInstaller\\hooks'
119200 INFO: Analyzing hidden import 'aiosqlite.tests'
119546 INFO: Analyzing hidden import 'aiosqlite.tests.__main__'
119550 INFO: Analyzing hidden import 'aiosqlite.tests.perf'
119583 INFO: Analyzing hidden import 'anyio._backends'
119583 INFO: Analyzing hidden import 'anyio._backends._asyncio'
119905 INFO: Analyzing hidden import 'anyio._backends._trio'
120079 INFO: Analyzing hidden import 'anyio.functools'
120105 INFO: Analyzing hidden import 'anyio.itertools'
120155 INFO: Analyzing hidden import 'anyio.pytest_plugin'
120211 INFO: Processing standard module hook 'hook-pytest.py' from 'C:\\Users\\rasou\\AppData\\Roaming\\Python\\Python312\\site-packages\\_pyinstaller_hooks_contrib\\stdhooks'
121024 INFO: Processing standard module hook 'hook-py.py' from 'C:\\Users\\rasou\\AppData\\Roaming\\Python\\Python312\\site-packages\\_pyinstaller_hooks_contrib\\stdhooks'
125254 INFO: Processing standard module hook 'hook-numpy.py' from 'C:\\Users\\rasou\\AppData\\Roaming\\Python\\Python312\\site-packages\\PyInstaller\\hooks'
131104 INFO: Processing standard module hook 'hook-charset_normalizer.py' from 'C:\\Users\\rasou\\AppData\\Roaming\\Python\\Python312\\site-packages\\_pyinstaller_hooks_contrib\\stdhooks'
132846 INFO: Analyzing hidden import 'anyio.streams.buffered'
132871 INFO: Analyzing hidden import 'anyio.streams.file'
132894 INFO: Analyzing hidden import 'anyio.streams.text'
132913 INFO: Analyzing hidden import 'anyio.to_interpreter'
132939 INFO: Analyzing hidden import 'anyio.to_process'
132984 INFO: Analyzing hidden import 'apscheduler'
132988 INFO: Processing standard module hook 'hook-apscheduler.py' from 'C:\\Users\\rasou\\AppData\\Roaming\\Python\\Python312\\site-packages\\_pyinstaller_hooks_contrib\\stdhooks'
133765 INFO: Analyzing hidden import 'apscheduler.events'
133783 INFO: Analyzing hidden import 'apscheduler.executors'
133785 INFO: Analyzing hidden import 'apscheduler.executors.asyncio'
133891 INFO: Processing standard module hook 'hook-pytz.py' from 'C:\\Users\\rasou\\AppData\\Roaming\\Python\\Python312\\site-packages\\PyInstaller\\hooks'
134744 INFO: Analyzing hidden import 'apscheduler.executors.debug'
134753 INFO: Analyzing hidden import 'apscheduler.executors.gevent'
134765 INFO: Analyzing hidden import 'apscheduler.executors.pool'
134777 INFO: Analyzing hidden import 'apscheduler.executors.tornado'
134790 INFO: Analyzing hidden import 'apscheduler.executors.twisted'
134801 INFO: Analyzing hidden import 'apscheduler.job'
134843 INFO: Analyzing hidden import 'apscheduler.jobstores'
134845 INFO: Analyzing hidden import 'apscheduler.jobstores.base'
134862 INFO: Analyzing hidden import 'apscheduler.jobstores.memory'
134883 INFO: Analyzing hidden import 'apscheduler.jobstores.mongodb'
134905 INFO: Analyzing hidden import 'apscheduler.jobstores.redis'
134930 INFO: Analyzing hidden import 'apscheduler.jobstores.rethinkdb'
134958 INFO: Analyzing hidden import 'apscheduler.jobstores.sqlalchemy'
134984 INFO: Analyzing hidden import 'apscheduler.jobstores.zookeeper'
135007 INFO: Analyzing hidden import 'apscheduler.schedulers'
135011 INFO: Analyzing hidden import 'apscheduler.schedulers.asyncio'
135163 INFO: Analyzing hidden import 'apscheduler.schedulers.background'
135176 INFO: Analyzing hidden import 'apscheduler.schedulers.gevent'
135184 INFO: Analyzing hidden import 'apscheduler.schedulers.qt'
135194 INFO: Analyzing hidden import 'apscheduler.schedulers.tornado'
135202 INFO: Analyzing hidden import 'apscheduler.schedulers.twisted'
135211 INFO: Analyzing hidden import 'apscheduler.triggers.combining'
135225 INFO: Analyzing hidden import 'apscheduler.triggers.cron'
135310 INFO: Analyzing hidden import 'apscheduler.triggers.date'
135320 INFO: Analyzing hidden import 'apscheduler.triggers.interval'
135339 INFO: Analyzing hidden import 'certifi.__main__'
135343 INFO: Analyzing hidden import 'cryptography'
135349 INFO: Processing standard module hook 'hook-cryptography.py' from 'C:\\Users\\rasou\\AppData\\Roaming\\Python\\Python312\\site-packages\\_pyinstaller_hooks_contrib\\stdhooks'
138044 INFO: hook-cryptography: cryptography does not seem to be using dynamically linked OpenSSL.
138050 INFO: Analyzing hidden import 'cryptography.exceptions'
138063 INFO: Analyzing hidden import 'cryptography.fernet'
138248 INFO: Analyzing hidden import 'cryptography.hazmat._oid'
138285 INFO: Analyzing hidden import 'cryptography.hazmat.asn1'
138321 INFO: Analyzing hidden import 'cryptography.hazmat.backends'
138469 INFO: Analyzing hidden import 'cryptography.hazmat.primitives.asymmetric.dh'
138482 INFO: Analyzing hidden import 'cryptography.hazmat.primitives.asymmetric.dsa'
138496 INFO: Analyzing hidden import 'cryptography.hazmat.primitives.asymmetric.ed25519'
138506 INFO: Analyzing hidden import 'cryptography.hazmat.primitives.asymmetric.ed448'
138520 INFO: Analyzing hidden import 'cryptography.hazmat.primitives.asymmetric.mldsa'
138545 INFO: Analyzing hidden import 'cryptography.hazmat.primitives.asymmetric.mlkem'
138562 INFO: Analyzing hidden import 'cryptography.hazmat.primitives.asymmetric.types'
138598 INFO: Analyzing hidden import 'cryptography.hazmat.primitives.ciphers.aead'
138604 INFO: Analyzing hidden import 'cryptography.hazmat.primitives.cmac'
138609 INFO: Analyzing hidden import 'cryptography.hazmat.primitives.constant_time'
138613 INFO: Analyzing hidden import 'cryptography.hazmat.primitives.hpke'
138619 INFO: Analyzing hidden import 'cryptography.hazmat.primitives.kdf'
138627 INFO: Analyzing hidden import 'cryptography.hazmat.primitives.kdf.argon2'
138636 INFO: Analyzing hidden import 'cryptography.hazmat.primitives.kdf.concatkdf'
138643 INFO: Analyzing hidden import 'cryptography.hazmat.primitives.kdf.hkdf'
138649 INFO: Analyzing hidden import 'cryptography.hazmat.primitives.kdf.kbkdf'
138655 INFO: Analyzing hidden import 'cryptography.hazmat.primitives.kdf.pbkdf2'
138665 INFO: Analyzing hidden import 'cryptography.hazmat.primitives.kdf.scrypt'
138704 INFO: Analyzing hidden import 'cryptography.hazmat.primitives.kdf.x963kdf'
138808 INFO: Analyzing hidden import 'cryptography.hazmat.primitives.keywrap'
138887 INFO: Analyzing hidden import 'cryptography.hazmat.primitives.poly1305'
138898 INFO: Analyzing hidden import 'cryptography.hazmat.primitives.serialization'
139028 INFO: Processing standard module hook 'hook-bcrypt.py' from 'C:\\Users\\rasou\\AppData\\Roaming\\Python\\Python312\\site-packages\\_pyinstaller_hooks_contrib\\stdhooks'
139032 INFO: Analyzing hidden import 'cryptography.hazmat.primitives.serialization.pkcs12'
139442 INFO: Analyzing hidden import 'cryptography.hazmat.primitives.serialization.pkcs7'
139483 INFO: Analyzing hidden import 'cryptography.hazmat.primitives.twofactor'
139488 INFO: Analyzing hidden import 'cryptography.hazmat.primitives.twofactor.hotp'
139506 INFO: Analyzing hidden import 'cryptography.hazmat.primitives.twofactor.totp'
139515 INFO: Analyzing hidden import 'cryptography.x509.ocsp'
139543 INFO: Analyzing hidden import 'dns.btree'
139616 INFO: Analyzing hidden import 'dns.btreezone'
139700 INFO: Analyzing hidden import 'dns.dnssec'
139964 INFO: Analyzing hidden import 'dns.e164'
139976 INFO: Analyzing hidden import 'dns.namedict'
139985 INFO: Analyzing hidden import 'dns.rdtypes.ANY.AFSDB'
139998 INFO: Analyzing hidden import 'dns.rdtypes.ANY.AMTRELAY'
140008 INFO: Analyzing hidden import 'dns.rdtypes.ANY.AVC'
140019 INFO: Analyzing hidden import 'dns.rdtypes.ANY.CAA'
140031 INFO: Analyzing hidden import 'dns.rdtypes.ANY.CERT'
140042 INFO: Analyzing hidden import 'dns.rdtypes.ANY.CNAME'
140048 INFO: Analyzing hidden import 'dns.rdtypes.ANY.CSYNC'
140052 INFO: Analyzing hidden import 'dns.rdtypes.ANY.DLV'
140056 INFO: Analyzing hidden import 'dns.rdtypes.ANY.DNAME'
140058 INFO: Analyzing hidden import 'dns.rdtypes.ANY.DSYNC'
140066 INFO: Analyzing hidden import 'dns.rdtypes.ANY.EUI48'
140087 INFO: Analyzing hidden import 'dns.rdtypes.ANY.EUI64'
140094 INFO: Analyzing hidden import 'dns.rdtypes.ANY.GPOS'
140113 INFO: Analyzing hidden import 'dns.rdtypes.ANY.HINFO'
140122 INFO: Analyzing hidden import 'dns.rdtypes.ANY.HIP'
140135 INFO: Analyzing hidden import 'dns.rdtypes.ANY.ISDN'
140145 INFO: Analyzing hidden import 'dns.rdtypes.ANY.L32'
140154 INFO: Analyzing hidden import 'dns.rdtypes.ANY.L64'
140164 INFO: Analyzing hidden import 'dns.rdtypes.ANY.LOC'
140204 INFO: Analyzing hidden import 'dns.rdtypes.ANY.LP'
140215 INFO: Analyzing hidden import 'dns.rdtypes.ANY.MX'
140221 INFO: Analyzing hidden import 'dns.rdtypes.ANY.NID'
140231 INFO: Analyzing hidden import 'dns.rdtypes.ANY.NINFO'
140239 INFO: Analyzing hidden import 'dns.rdtypes.ANY.NS'
140244 INFO: Analyzing hidden import 'dns.rdtypes.ANY.NSEC3'
140263 INFO: Analyzing hidden import 'dns.rdtypes.ANY.OPENPGPKEY'
140271 INFO: Analyzing hidden import 'dns.rdtypes.ANY.RESINFO'
140275 INFO: Analyzing hidden import 'dns.rdtypes.ANY.RP'
140282 INFO: Analyzing hidden import 'dns.rdtypes.ANY.RT'
140288 INFO: Analyzing hidden import 'dns.rdtypes.ANY.SPF'
140295 INFO: Analyzing hidden import 'dns.rdtypes.ANY.SSHFP'
140309 INFO: Analyzing hidden import 'dns.rdtypes.ANY.TKEY'
140334 INFO: Analyzing hidden import 'dns.rdtypes.ANY.TLSA'
140342 INFO: Analyzing hidden import 'dns.rdtypes.ANY.TXT'
140346 INFO: Analyzing hidden import 'dns.rdtypes.ANY.URI'
140359 INFO: Analyzing hidden import 'dns.rdtypes.ANY.WALLET'
140364 INFO: Analyzing hidden import 'dns.rdtypes.ANY.X25'
140372 INFO: Analyzing hidden import 'dns.rdtypes.CH'
140376 INFO: Analyzing hidden import 'dns.rdtypes.CH.A'
140389 INFO: Analyzing hidden import 'dns.rdtypes.IN'
140393 INFO: Analyzing hidden import 'dns.rdtypes.IN.A'
140403 INFO: Analyzing hidden import 'dns.rdtypes.IN.AAAA'
140414 INFO: Analyzing hidden import 'dns.rdtypes.IN.APL'
140437 INFO: Analyzing hidden import 'dns.rdtypes.IN.DHCID'
140446 INFO: Analyzing hidden import 'dns.rdtypes.IN.HTTPS'
140452 INFO: Analyzing hidden import 'dns.rdtypes.IN.IPSECKEY'
140462 INFO: Analyzing hidden import 'dns.rdtypes.IN.KX'
140467 INFO: Analyzing hidden import 'dns.rdtypes.IN.NAPTR'
140481 INFO: Analyzing hidden import 'dns.rdtypes.IN.NSAP'
140491 INFO: Analyzing hidden import 'dns.rdtypes.IN.NSAP_PTR'
140496 INFO: Analyzing hidden import 'dns.rdtypes.IN.PX'
140506 INFO: Analyzing hidden import 'dns.rdtypes.IN.SRV'
140517 INFO: Analyzing hidden import 'dns.rdtypes.IN.SVCB'
140523 INFO: Analyzing hidden import 'dns.rdtypes.IN.WKS'
140537 INFO: Analyzing hidden import 'dns.tsigkeyring'
140547 INFO: Analyzing hidden import 'dotenv.__main__'
140577 INFO: Analyzing hidden import 'fastapi.__main__'
140587 INFO: Analyzing hidden import 'fastapi.middleware'
140592 INFO: Analyzing hidden import 'fastapi.middleware.cors'
140619 INFO: Analyzing hidden import 'fastapi.middleware.gzip'
140649 INFO: Analyzing hidden import 'fastapi.middleware.httpsredirect'
140659 INFO: Analyzing hidden import 'fastapi.middleware.trustedhost'
140673 INFO: Analyzing hidden import 'fastapi.middleware.wsgi'
140697 INFO: Analyzing hidden import 'fastapi.templating'
140724 INFO: Analyzing hidden import 'fastapi.testclient'
140822 INFO: Analyzing hidden import 'numpy._configtool'
140830 INFO: Analyzing hidden import 'numpy._core._exceptions'
140849 INFO: Analyzing hidden import 'numpy._core._multiarray_tests'
140850 INFO: Analyzing hidden import 'numpy._core._operand_flag_tests'
140851 INFO: Analyzing hidden import 'numpy._core._rational_tests'
140852 INFO: Analyzing hidden import 'numpy._core._simd'
140862 INFO: Analyzing hidden import 'numpy._core._struct_ufunc_tests'
140862 INFO: Analyzing hidden import 'numpy._core._umath_tests'
140874 INFO: Analyzing hidden import 'numpy._core.cversions'
140880 INFO: Analyzing hidden import 'numpy._pyinstaller'
140882 INFO: Analyzing hidden import 'numpy._pyinstaller.hook-numpy'
141100 INFO: Processing standard module hook 'hook-win32ctypes.core.py' from 'C:\\Users\\rasou\\AppData\\Roaming\\Python\\Python312\\site-packages\\PyInstaller\\hooks'
143216 INFO: Processing standard module hook 'hook-pycparser.py' from 'C:\\Users\\rasou\\AppData\\Roaming\\Python\\Python312\\site-packages\\_pyinstaller_hooks_contrib\\stdhooks'
145956 INFO: Analyzing hidden import 'numpy._pyinstaller.tests'
145961 INFO: Analyzing hidden import 'numpy._pyinstaller.tests.pyinstaller-smoke'
145971 INFO: Analyzing hidden import 'numpy._pyinstaller.tests.test_pyinstaller'
145981 INFO: Analyzing hidden import 'numpy._typing._extended_precision'
145985 INFO: Analyzing hidden import 'numpy._utils._pep440'
146017 INFO: Analyzing hidden import 'numpy.conftest'
146030 INFO: Analyzing hidden import 'numpy.core._dtype'
146034 INFO: Analyzing hidden import 'numpy.core._dtype_ctypes'
146039 INFO: Analyzing hidden import 'numpy.core._internal'
146045 INFO: Analyzing hidden import 'numpy.core._multiarray_umath'
146054 INFO: Analyzing hidden import 'numpy.core.arrayprint'
146058 INFO: Analyzing hidden import 'numpy.core.defchararray'
146064 INFO: Analyzing hidden import 'numpy.core.einsumfunc'
146074 INFO: Analyzing hidden import 'numpy.core.fromnumeric'
146082 INFO: Analyzing hidden import 'numpy.core.function_base'
146088 INFO: Analyzing hidden import 'numpy.core.getlimits'
146094 INFO: Analyzing hidden import 'numpy.core.multiarray'
146102 INFO: Analyzing hidden import 'numpy.core.numeric'
146106 INFO: Analyzing hidden import 'numpy.core.numerictypes'
146114 INFO: Analyzing hidden import 'numpy.core.overrides'
146118 INFO: Analyzing hidden import 'numpy.core.records'
146125 INFO: Analyzing hidden import 'numpy.core.shape_base'
146129 INFO: Analyzing hidden import 'numpy.core.umath'
146135 INFO: Analyzing hidden import 'numpy.f2py.__main__'
146142 INFO: Analyzing hidden import 'numpy.f2py._src_pyf'
146171 INFO: Analyzing hidden import 'numpy.f2py.tests'
146179 INFO: Analyzing hidden import 'numpy.f2py.tests.test_abstract_interface'
146236 INFO: Analyzing hidden import 'numpy.f2py.tests.test_array_from_pyobj'
146325 INFO: Analyzing hidden import 'numpy.f2py.tests.test_assumed_shape'
146338 INFO: Analyzing hidden import 'numpy.f2py.tests.test_block_docstring'
146345 INFO: Analyzing hidden import 'numpy.f2py.tests.test_callback'
146382 INFO: Analyzing hidden import 'numpy.f2py.tests.test_capi_maps'
146388 INFO: Analyzing hidden import 'numpy.f2py.tests.test_character'
146455 INFO: Analyzing hidden import 'numpy.f2py.tests.test_common'
146464 INFO: Analyzing hidden import 'numpy.f2py.tests.test_crackfortran'
146532 INFO: Analyzing hidden import 'numpy.f2py.tests.test_data'
146554 INFO: Analyzing hidden import 'numpy.f2py.tests.test_docs'
146566 INFO: Analyzing hidden import 'numpy.f2py.tests.test_f2cmap'
146575 INFO: Analyzing hidden import 'numpy.f2py.tests.test_f2py2e'
146693 INFO: Analyzing hidden import 'numpy.f2py.tests.test_isoc'
146710 INFO: Analyzing hidden import 'numpy.f2py.tests.test_kind'
146722 INFO: Analyzing hidden import 'numpy.f2py.tests.test_mixed'
146731 INFO: Analyzing hidden import 'numpy.f2py.tests.test_modules'
146741 INFO: Analyzing hidden import 'numpy.f2py.tests.test_parameter'
146761 INFO: Analyzing hidden import 'numpy.f2py.tests.test_pyf_src'
146770 INFO: Analyzing hidden import 'numpy.f2py.tests.test_quoted_character'
146776 INFO: Analyzing hidden import 'numpy.f2py.tests.test_regression'
146882 INFO: Analyzing hidden import 'numpy.f2py.tests.test_return_character'
146896 INFO: Analyzing hidden import 'numpy.f2py.tests.test_return_complex'
146917 INFO: Analyzing hidden import 'numpy.f2py.tests.test_return_integer'
146931 INFO: Analyzing hidden import 'numpy.f2py.tests.test_return_logical'
146949 INFO: Analyzing hidden import 'numpy.f2py.tests.test_return_real'
146972 INFO: Analyzing hidden import 'numpy.f2py.tests.test_routines'
146982 INFO: Analyzing hidden import 'numpy.f2py.tests.test_semicolon_split'
146993 INFO: Analyzing hidden import 'numpy.f2py.tests.test_size'
147006 INFO: Analyzing hidden import 'numpy.f2py.tests.test_string'
147025 INFO: Analyzing hidden import 'numpy.f2py.tests.test_symbolic'
147113 INFO: Analyzing hidden import 'numpy.f2py.tests.test_value_attrspec'
147119 INFO: Analyzing hidden import 'numpy.fft.tests'
147121 INFO: Analyzing hidden import 'numpy.fft.tests.test_helper'
147150 INFO: Analyzing hidden import 'numpy.fft.tests.test_pocketfft'
147277 INFO: Analyzing hidden import 'numpy.lib._user_array_impl'
147312 INFO: Analyzing hidden import 'numpy.lib.tests'
147314 INFO: Analyzing hidden import 'numpy.lib.tests.test__datasource'
147358 INFO: Analyzing hidden import 'numpy.lib.tests.test__iotools'
147421 INFO: Analyzing hidden import 'numpy.lib.tests.test__version'
147432 INFO: Analyzing hidden import 'numpy.lib.tests.test_array_utils'
147439 INFO: Analyzing hidden import 'numpy.lib.tests.test_arraypad'
147645 INFO: Analyzing hidden import 'numpy.lib.tests.test_arraysetops'
147817 INFO: Analyzing hidden import 'numpy.lib.tests.test_arrayterator'
147830 INFO: Analyzing hidden import 'numpy.lib.tests.test_format'
147923 INFO: Analyzing hidden import 'numpy.lib.tests.test_function_base'
148557 INFO: Analyzing hidden import 'numpy.lib.tests.test_histograms'
148671 INFO: Analyzing hidden import 'numpy.lib.tests.test_index_tricks'
148755 INFO: Analyzing hidden import 'numpy.lib.tests.test_io'
149151 INFO: Analyzing hidden import 'numpy.lib.tests.test_loadtxt'
149299 INFO: Analyzing hidden import 'numpy.lib.tests.test_mixins'
149326 INFO: Analyzing hidden import 'numpy.lib.tests.test_nanfunctions'
149493 INFO: Analyzing hidden import 'numpy.lib.tests.test_packbits'
149541 INFO: Analyzing hidden import 'numpy.lib.tests.test_polynomial'
149587 INFO: Analyzing hidden import 'numpy.lib.tests.test_recfunctions'
149707 INFO: Analyzing hidden import 'numpy.lib.tests.test_regression'
149745 INFO: Analyzing hidden import 'numpy.lib.tests.test_shape_base'
149851 INFO: Analyzing hidden import 'numpy.lib.tests.test_stride_tricks'
149934 INFO: Analyzing hidden import 'numpy.lib.tests.test_twodim_base'
150000 INFO: Analyzing hidden import 'numpy.lib.tests.test_type_check'
150072 INFO: Analyzing hidden import 'numpy.lib.tests.test_ufunclike'
150094 INFO: Analyzing hidden import 'numpy.lib.tests.test_utils'
150109 INFO: Analyzing hidden import 'numpy.lib.user_array'
150114 INFO: Analyzing hidden import 'numpy.linalg.lapack_lite'
150127 INFO: Analyzing hidden import 'numpy.linalg.tests'
150130 INFO: Analyzing hidden import 'numpy.linalg.tests.test_deprecations'
150133 INFO: Analyzing hidden import 'numpy.linalg.tests.test_linalg'
150389 INFO: Analyzing hidden import 'numpy.linalg.tests.test_regression'
150421 INFO: Analyzing hidden import 'numpy.ma.tests'
150423 INFO: Analyzing hidden import 'numpy.ma.tests.test_arrayobject'
150434 INFO: Analyzing hidden import 'numpy.ma.tests.test_core'
151169 INFO: Analyzing hidden import 'numpy.ma.tests.test_deprecations'
151185 INFO: Analyzing hidden import 'numpy.ma.tests.test_extras'
151437 INFO: Analyzing hidden import 'numpy.ma.tests.test_mrecords'
151499 INFO: Analyzing hidden import 'numpy.ma.tests.test_old_ma'
151671 INFO: Analyzing hidden import 'numpy.ma.tests.test_regression'
151690 INFO: Analyzing hidden import 'numpy.ma.tests.test_subclassing'
151739 INFO: Analyzing hidden import 'numpy.matrixlib.tests'
151740 INFO: Analyzing hidden import 'numpy.matrixlib.tests.test_defmatrix'
151800 INFO: Analyzing hidden import 'numpy.matrixlib.tests.test_interaction'
151828 INFO: Analyzing hidden import 'numpy.matrixlib.tests.test_masked_matrix'
151873 INFO: Analyzing hidden import 'numpy.matrixlib.tests.test_matrix_linalg'
151879 INFO: Analyzing hidden import 'numpy.matrixlib.tests.test_multiarray'
151886 INFO: Analyzing hidden import 'numpy.matrixlib.tests.test_numeric'
151890 INFO: Analyzing hidden import 'numpy.matrixlib.tests.test_regression'
151896 INFO: Analyzing hidden import 'numpy.polynomial.tests'
151896 INFO: Analyzing hidden import 'numpy.polynomial.tests.test_chebyshev'
151946 INFO: Analyzing hidden import 'numpy.polynomial.tests.test_classes'
152010 INFO: Analyzing hidden import 'numpy.polynomial.tests.test_hermite'
152066 INFO: Analyzing hidden import 'numpy.polynomial.tests.test_hermite_e'
152143 INFO: Analyzing hidden import 'numpy.polynomial.tests.test_laguerre'
152221 INFO: Analyzing hidden import 'numpy.polynomial.tests.test_legendre'
152299 INFO: Analyzing hidden import 'numpy.polynomial.tests.test_polynomial'
152395 INFO: Analyzing hidden import 'numpy.polynomial.tests.test_polyutils'
152413 INFO: Analyzing hidden import 'numpy.polynomial.tests.test_printing'
152520 INFO: Analyzing hidden import 'numpy.polynomial.tests.test_symbol'
152581 INFO: Analyzing hidden import 'numpy.random.tests'
152581 INFO: Analyzing hidden import 'numpy.random.tests.data'
152583 INFO: Analyzing hidden import 'numpy.random.tests.test_direct'
152648 INFO: Analyzing hidden import 'numpy.random.tests.test_extending'
152722 INFO: Analyzing hidden import 'numpy.random.tests.test_generator_mt19937'
153049 INFO: Analyzing hidden import 'numpy.random.tests.test_generator_mt19937_regressions'
153080 INFO: Analyzing hidden import 'numpy.random.tests.test_random'
153289 INFO: Analyzing hidden import 'numpy.random.tests.test_randomstate'
153545 INFO: Analyzing hidden import 'numpy.random.tests.test_randomstate_regression'
153576 INFO: Analyzing hidden import 'numpy.random.tests.test_regression'
153599 INFO: Analyzing hidden import 'numpy.random.tests.test_seed_sequence'
153614 INFO: Analyzing hidden import 'numpy.random.tests.test_smoke'
153752 INFO: Analyzing hidden import 'numpy.testing.print_coercion_tables'
153773 INFO: Analyzing hidden import 'numpy.testing.tests'
153775 INFO: Analyzing hidden import 'numpy.testing.tests.test_utils'
154006 INFO: Analyzing hidden import 'numpy.tests'
154008 INFO: Analyzing hidden import 'numpy.tests.test__all__'
154014 INFO: Analyzing hidden import 'numpy.tests.test_configtool'
154027 INFO: Analyzing hidden import 'numpy.tests.test_ctypeslib'
154069 INFO: Analyzing hidden import 'numpy.tests.test_lazyloading'
154077 INFO: Analyzing hidden import 'numpy.tests.test_matlib'
154091 INFO: Analyzing hidden import 'numpy.tests.test_numpy_config'
154101 INFO: Analyzing hidden import 'numpy.tests.test_numpy_version'
154110 INFO: Analyzing hidden import 'numpy.tests.test_public_api'
154166 INFO: Analyzing hidden import 'numpy.tests.test_reloading'
154179 INFO: Analyzing hidden import 'numpy.tests.test_scripts'
154189 INFO: Analyzing hidden import 'numpy.tests.test_warnings'
154201 INFO: Analyzing hidden import 'numpy.typing.mypy_plugin'
154220 INFO: Analyzing hidden import 'numpy.typing.tests'
154222 INFO: Analyzing hidden import 'numpy.typing.tests.test_isfile'
154230 INFO: Analyzing hidden import 'numpy.typing.tests.test_runtime'
154246 INFO: Analyzing hidden import 'numpy.typing.tests.test_typing'
154281 INFO: Analyzing hidden import 'pydantic.alias_generators'
154289 INFO: Analyzing hidden import 'pydantic.datetime_parse'
154294 INFO: Analyzing hidden import 'pydantic.decorator'
154298 INFO: Analyzing hidden import 'pydantic.deprecated.decorator'
154329 INFO: Analyzing hidden import 'pydantic.env_settings'
154334 INFO: Analyzing hidden import 'pydantic.experimental'
154338 INFO: Analyzing hidden import 'pydantic.experimental.pipeline'
154404 INFO: Analyzing hidden import 'pydantic.generics'
154408 INFO: Analyzing hidden import 'pydantic.json'
154413 INFO: Analyzing hidden import 'pydantic.mypy'
154528 INFO: Analyzing hidden import 'pydantic.parse'
154532 INFO: Analyzing hidden import 'pydantic.tools'
154537 INFO: Analyzing hidden import 'pydantic.v1._hypothesis_plugin'
154578 INFO: Analyzing hidden import 'pydantic.v1.generics'
154611 INFO: Analyzing hidden import 'pydantic.v1.mypy'
154693 INFO: Analyzing hidden import 'pydantic.validators'
154697 INFO: Analyzing hidden import 'sqlalchemy.connectors'
154703 INFO: Analyzing hidden import 'sqlalchemy.connectors.aioodbc'
154771 INFO: Analyzing hidden import 'sqlalchemy.dialects._typing'
154777 INFO: Analyzing hidden import 'sqlalchemy.dialects.mssql'
155081 INFO: Analyzing hidden import 'sqlalchemy.dialects.mssql.provision'
155098 INFO: Analyzing hidden import 'sqlalchemy.dialects.mysql'
155576 INFO: Analyzing hidden import 'sqlalchemy.dialects.mysql.mariadb'
155587 INFO: Analyzing hidden import 'sqlalchemy.dialects.mysql.provision'
155600 INFO: Analyzing hidden import 'sqlalchemy.dialects.oracle'
156044 INFO: Analyzing hidden import 'sqlalchemy.dialects.oracle.provision'
156061 INFO: Analyzing hidden import 'sqlalchemy.dialects.postgresql'
157458 INFO: Analyzing hidden import 'sqlalchemy.dialects.postgresql.provision'
157478 INFO: Analyzing hidden import 'sqlalchemy.dialects.sqlite'
157723 INFO: Analyzing hidden import 'sqlalchemy.dialects.sqlite.provision'
157742 INFO: Analyzing hidden import 'sqlalchemy.engine.strategies'
157748 INFO: Analyzing hidden import 'sqlalchemy.events'
157756 INFO: Analyzing hidden import 'sqlalchemy.ext.associationproxy'
157923 INFO: Analyzing hidden import 'sqlalchemy.ext.automap'
157985 INFO: Analyzing hidden import 'sqlalchemy.ext.baked'
158018 INFO: Analyzing hidden import 'sqlalchemy.ext.declarative'
158045 INFO: Analyzing hidden import 'sqlalchemy.ext.horizontal_shard'
158064 INFO: Analyzing hidden import 'sqlalchemy.ext.hybrid'
158108 INFO: Analyzing hidden import 'sqlalchemy.ext.indexable'
158124 INFO: Analyzing hidden import 'sqlalchemy.ext.instrumentation'
158154 INFO: Analyzing hidden import 'sqlalchemy.ext.mutable'
158216 INFO: Analyzing hidden import 'sqlalchemy.ext.mypy'
158220 INFO: Analyzing hidden import 'sqlalchemy.ext.mypy.apply'
158337 INFO: Analyzing hidden import 'sqlalchemy.ext.mypy.decl_class'
158373 INFO: Analyzing hidden import 'sqlalchemy.ext.mypy.plugin'
158406 INFO: Analyzing hidden import 'sqlalchemy.ext.orderinglist'
158424 INFO: Analyzing hidden import 'sqlalchemy.ext.serializer'
158443 INFO: Analyzing hidden import 'sqlalchemy.testing'
159332 INFO: Analyzing hidden import 'sqlalchemy.testing.pickleable'
159347 INFO: Analyzing hidden import 'sqlalchemy.testing.plugin.bootstrap'
159357 INFO: Analyzing hidden import 'sqlalchemy.testing.plugin.pytestplugin'
159427 INFO: Analyzing hidden import 'sqlalchemy.testing.suite'
160482 INFO: Analyzing hidden import 'sqlalchemy.util.tool_support'
160506 INFO: Analyzing hidden import 'starlette.authentication'
160526 INFO: Analyzing hidden import 'starlette.config'
160542 INFO: Analyzing hidden import 'starlette.endpoints'
160561 INFO: Analyzing hidden import 'starlette.middleware.authentication'
160569 INFO: Analyzing hidden import 'starlette.middleware.sessions'
160582 INFO: Analyzing hidden import 'starlette.schemas'
160598 INFO: Analyzing hidden import 'uvicorn.__main__'
160602 INFO: Analyzing hidden import 'uvicorn.lifespan'
160604 INFO: Analyzing hidden import 'uvicorn.lifespan.off'
160609 INFO: Analyzing hidden import 'uvicorn.lifespan.on'
160630 INFO: Analyzing hidden import 'uvicorn.loops'
160631 INFO: Analyzing hidden import 'uvicorn.loops.asyncio'
160637 INFO: Analyzing hidden import 'uvicorn.loops.auto'
160647 INFO: Analyzing hidden import 'uvicorn.protocols.http.auto'
160654 INFO: Analyzing hidden import 'uvicorn.protocols.websockets.auto'
160658 INFO: Analyzing hidden import 'uvicorn.workers'
160674 INFO: Analyzing hidden import 'websockets.__main__'
160802 INFO: Analyzing hidden import 'websockets.auth'
160822 INFO: Analyzing hidden import 'websockets.connection'
160828 INFO: Analyzing hidden import 'websockets.http'
160834 INFO: Analyzing hidden import 'websockets.legacy.client'
160878 INFO: Analyzing hidden import 'websockets.sync.server'
160921 INFO: Processing module hooks (post-graph stage)...
160933 WARNING: Hidden import "pycparser.lextab" not found!
160933 WARNING: Hidden import "pycparser.yacctab" not found!
161222 INFO: Processing standard module hook 'hook-xml.etree.cElementTree.py' from 'C:\\Users\\rasou\\AppData\\Roaming\\Python\\Python312\\site-packages\\PyInstaller\\hooks'
161516 INFO: Processing standard module hook 'hook-sqlalchemy.py' from 'C:\\Users\\rasou\\AppData\\Roaming\\Python\\Python312\\site-packages\\PyInstaller\\hooks'
162399 WARNING: Hidden import "pysqlite2" not found!
162399 WARNING: Hidden import "MySQLdb" not found!
162725 INFO: Processing standard module hook 'hook-tzdata.py' from 'C:\\Users\\rasou\\AppData\\Roaming\\Python\\Python312\\site-packages\\_pyinstaller_hooks_contrib\\stdhooks'
164263 INFO: Performing binary vs. data reclassification (8533 entries)
177572 INFO: Looking for ctypes DLLs
177999 INFO: Analyzing run-time hooks ...
178024 INFO: Including run-time hook 'pyi_rth_inspect.py' from 'C:\\Users\\rasou\\AppData\\Roaming\\Python\\Python312\\site-packages\\PyInstaller\\hooks\\rthooks'
178041 INFO: Including run-time hook 'pyi_rth_pkgutil.py' from 'C:\\Users\\rasou\\AppData\\Roaming\\Python\\Python312\\site-packages\\PyInstaller\\hooks\\rthooks'
178051 INFO: Including run-time hook 'pyi_rth_multiprocessing.py' from 'C:\\Users\\rasou\\AppData\\Roaming\\Python\\Python312\\site-packages\\PyInstaller\\hooks\\rthooks'
178062 INFO: Including run-time hook 'pyi_rth_setuptools.py' from 'C:\\Users\\rasou\\AppData\\Roaming\\Python\\Python312\\site-packages\\PyInstaller\\hooks\\rthooks'
178070 INFO: Including run-time hook 'pyi_rth_cryptography_openssl.py' from 'C:\\Users\\rasou\\AppData\\Roaming\\Python\\Python312\\site-packages\\_pyinstaller_hooks_contrib\\rthooks'
178891 INFO: Creating base_library.zip...
178961 INFO: Looking for dynamic libraries
C:\Users\rasou\AppData\Roaming\Python\Python312\site-packages\pydantic\experimental\__init__.py:7: PydanticExperimentalWarning: This module is experimental, its contents are subject to change and deprecation.
  warnings.warn(
184185 INFO: Extra DLL search directories (AddDllDirectory): ['C:\\Users\\rasou\\AppData\\Roaming\\Python\\Python312\\site-packages\\numpy.libs']
184185 INFO: Extra DLL search directories (PATH): []
188731 INFO: Warnings written to D:\yasara_clean\build\windows\YaSara\warn-YaSara.txt
189332 INFO: Graph cross-reference written to D:\yasara_clean\build\windows\YaSara\xref-YaSara.html
190610 INFO: checking PYZ
190610 INFO: Building PYZ because PYZ-00.toc is non existent
190610 INFO: Building PYZ (ZlibArchive) D:\yasara_clean\build\windows\YaSara\PYZ-00.pyz
195174 INFO: Building PYZ (ZlibArchive) D:\yasara_clean\build\windows\YaSara\PYZ-00.pyz completed successfully.
195297 INFO: checking PKG
195297 INFO: Building PKG because PKG-00.toc is non existent
195297 INFO: Building PKG (CArchive) YaSara.pkg
195382 INFO: Building PKG (CArchive) YaSara.pkg completed successfully.
195387 INFO: Bootloader C:\Users\rasou\AppData\Roaming\Python\Python312\site-packages\PyInstaller\bootloader\Windows-64bit-intel\run.exe
195387 INFO: checking EXE
195387 INFO: Building EXE because EXE-00.toc is non existent
195387 INFO: Building EXE from EXE-00.toc
195387 INFO: Copying bootloader EXE to D:\yasara_clean\build\windows\YaSara\YaSara.exe
195556 INFO: Copying icon to EXE
195611 INFO: Copying 0 resources to EXE
195612 INFO: Embedding manifest in EXE
195731 INFO: Appending PKG archive to EXE
195757 INFO: Fixing EXE headers
196930 INFO: Building EXE from EXE-00.toc completed successfully.
197266 INFO: checking COLLECT
197266 INFO: Building COLLECT because COLLECT-00.toc is non existent
197319 INFO: Building COLLECT COLLECT-00.toc
240225 INFO: Building COLLECT COLLECT-00.toc completed successfully.
240682 INFO: Build complete! The results are available in: D:\yasara_clean\dist\windows\portable
INFO:     Started server process [21880]
INFO:     Waiting for application startup.
INFO:     Application startup complete.
INFO:     Uvicorn running on http://127.0.0.1:8000 (Press CTRL+C to quit)
