{
  "build_id": "2026.52.P.001",
  "legacy_accepted_build_ids": [
    "2026.52.K.001",
    "2026.52.L.001",
    "2026.52.M.001",
    "2026.52.N.001",
    "2026.52.O.001",
    "2026.52.P.001"
  ],
  "dependency_validation": {
    "ready": true,
    "checked": [
      "aiosqlite",
      "anyio",
      "apscheduler",
      "certifi",
      "cryptography",
      "dns",
      "dotenv",
      "fastapi",
      "httpx",
      "numpy",
      "orjson",
      "pydantic",
      "pydantic_settings",
      "sqlalchemy",
      "starlette",
      "typing_extensions",
      "uvicorn",
      "websockets",
      "yaml"
    ],
    "missing": [],
    "discovered_import_roots": [
      "ConfigParser",
      "HTMLParser",
      "IPython",
      "OpenSSL",
      "Queue",
      "StringIO",
      "UserDict",
      "__builtin__",
      "__future__",
      "__main__",
      "__pypy__",
      "__version__",
      "_abcoll",
      "_abnf",
      "_aix_support",
      "_api",
      "_ast",
      "_async",
      "_asyncio_compat",
      "_auth",
      "_autogen",
      "_autogen_fixtures",
      "_backends",
      "_base",
      "_base_connection",
      "_bcrypt",
      "_callers",
      "_cell_widths",
      "_cffi_backend",
      "_client",
      "_cmsgpack",
      "_code",
      "_collections",
      "_compat",
      "_concurrency_py3k",
      "_config",
      "_content",
      "_core",
      "_core_metadata",
      "_core_utils",
      "_dataclasses",
      "_decoders",
      "_decorators",
      "_dists",
      "_dml_constructors",
      "_docs_extraction",
      "_dummy_thread",
      "_elements_constructors",
      "_elffile",
      "_emoji_codes",
      "_emoji_replace",
      "_envs",
      "_eventloop",
      "_events",
      "_exceptions",
      "_export_format",
      "_extension",
      "_fields",
      "_fileno",
      "_forward_ref",
      "_frozen_importlib",
      "_frozen_importlib_external",
      "_generate_schema",
      "_generics",
      "_greenlet",
      "_has_cy",
      "_headers",
      "_hooks",
      "_imp",
      "_impl",
      "_import_utils",
      "_in_process",
      "_internal",
      "_internal_dataclass",
      "_internal_utils",
      "_interpqueues",
      "_interpreters",
      "_json",
      "_loader",
      "_log_render",
      "_loop",
      "_macos",
      "_main",
      "_manager",
      "_manylinux",
      "_migration",
      "_mock_val_ser",
      "_models",
      "_multipart",
      "_namespace_utils",
      "_native",
      "_openssl",
      "_orm_constructors",
      "_orm_types",
      "_osx_support",
      "_palettes",
      "_parse",
      "_parser",
      "_pick",
      "_psycopg_common",
      "_py_collections",
      "_py_processors",
      "_py_row",
      "_py_util",
      "_pydantic_core",
      "_pytest",
      "_ratio",
      "_re",
      "_readers",
      "_receivebuffer",
      "_repr",
      "_request_methods",
      "_resources",
      "_result",
      "_rust_notify",
      "_schema_generation_shared",
      "_selectable_constructors",
      "_serializers",
      "_signature",
      "_socket",
      "_sockets",
      "_spdx",
      "_speedups",
      "_spinners",
      "_sqlite3",
      "_ssl",
      "_ssl_constants",
      "_state",
      "_status_codes",
      "_std_types_schema",
      "_streams",
      "_subprocesses",
      "_sync",
      "_synchronization",
      "_tasks",
      "_termui_impl",
      "_testing",
      "_textwrap",
      "_thread",
      "_timer",
      "_tokenizer",
      "_trace",
      "_transports",
      "_types",
      "_typeshed",
      "_typing",
      "_typing_extra",
      "_urlparse",
      "_urls",
      "_util",
      "_utils",
      "_validators",
      "_version",
      "_warnings",
      "_winconsole",
      "_windows",
      "_winreg",
      "_wrap",
      "_writers",
      "a2wsgi",
      "abc",
      "abstract",
      "adapters",
      "aioquic",
      "aiosqlite",
      "alembic",
      "algorithms",
      "alias_generators",
      "aliases",
      "align",
      "android",
      "annotated_handlers",
      "annotated_types",
      "annotation",
      "annotationlib",
      "ansi",
      "ansitowin32",
      "anyio",
      "api",
      "api_jwk",
      "api_jws",
      "api_jwt",
      "api_key",
      "app",
      "applications",
      "apscheduler",
      "argcomplete",
      "argparse",
      "argparsing",
      "array",
      "asgi",
      "assertions",
      "assertsql",
      "ast",
      "ast_transforms",
      "async_timeout",
      "asyncio",
      "asyncmy",
      "asyncpg",
      "atexit",
      "attr",
      "attributes",
      "auth",
      "autogenerate",
      "azure",
      "babel",
      "background",
      "backports",
      "backup",
      "base",
      "base64",
      "batch",
      "bcrypt",
      "bdb",
      "beaker",
      "binascii",
      "bisect",
      "box",
      "brotli",
      "brotlicffi",
      "bson",
      "builtins",
      "bz2",
      "cPickle",
      "cProfile",
      "cStringIO",
      "c_lexer",
      "cache_key",
      "calendar",
      "candidates",
      "cells",
      "certifi",
      "cffi",
      "cffi_opcode",
      "cgi",
      "cli",
      "click",
      "client",
      "clsregistry",
      "code",
      "codecs",
      "coercions",
      "collections",
      "color",
      "color_triplet",
      "colorama",
      "colorsys",
      "columns",
      "commontypes",
      "compare",
      "compat",
      "compatibility",
      "compileall",
      "compiler",
      "composer",
      "compression",
      "concurrency",
      "concurrent",
      "config",
      "configparser",
      "connection",
      "connection_pool",
      "connectionpool",
      "connectors",
      "console",
      "constrain",
      "constructor",
      "containers",
      "context",
      "contextlib",
      "contextlib2",
      "contextvars",
      "contrib",
      "control",
      "cookies",
      "copy",
      "copyreg",
      "core",
      "core_schema",
      "coverage",
      "create",
      "criterion",
      "cryptography",
      "csv",
      "ctypes",
      "cursor",
      "cx_Oracle",
      "cyaml",
      "cyextension",
      "cython",
      "dataclasses",
      "datastructures",
      "datetime",
      "ddl",
      "decimal",
      "decl_api",
      "decl_base",
      "decorators",
      "default",
      "default_styles",
      "deliverability",
      "dependency",
      "deprecated",
      "deprecations",
      "descriptor_props",
      "dialects",
      "difflib",
      "dis",
      "distro",
      "distutils",
      "dml",
      "dns",
      "doctest",
      "docutils",
      "dogpile",
      "dotenv",
      "dummy_thread",
      "dummy_threading",
      "dumper",
      "dynamic",
      "editor",
      "elements",
      "email",
      "email_validator",
      "embed",
      "emitter",
      "emoji",
      "encodings",
      "engine",
      "entities",
      "enum",
      "enumerated",
      "env",
      "environment",
      "errno",
      "error",
      "errors",
      "eval_type_backport",
      "event",
      "eventlet",
      "events",
      "exc",
      "exceptiongroup",
      "exceptions",
      "exceptions_types",
      "exclusions",
      "expression",
      "ext",
      "extensions",
      "factory",
      "fallback",
      "fastapi",
      "fastapi_cli",
      "faulthandler",
      "fcntl",
      "fetch",
      "fields",
      "file_proxy",
      "filelock",
      "filepost",
      "filters",
      "findpaths",
      "fixtures",
      "fnmatch",
      "formatting",
      "found_candidates",
      "fractions",
      "frames",
      "framing",
      "from_thread",
      "funcsigs",
      "functional_serializers",
      "functional_validators",
      "functions",
      "functools",
      "gc",
      "getpass",
      "gettext",
      "gevent",
      "glob",
      "globals",
      "greenlet",
      "grp",
      "gunicorn",
      "gzip",
      "h11",
      "h2",
      "handshake",
      "hashlib",
      "headers",
      "helpers",
      "highlighter",
      "hmac",
      "hooks",
      "hstore",
      "html",
      "htmlentitydefs",
      "http",
      "http11",
      "http2",
      "http_proxy",
      "httpcore",
      "httplib",
      "httptools",
      "httpx",
      "hypothesis",
      "identity",
      "idna",
      "imp",
      "impl",
      "importlib",
      "importlib_metadata",
      "importlib_resources",
      "imports",
      "iniconfig",
      "initialise",
      "inspect",
      "inspection",
      "instrumentation",
      "interfaces",
      "intranges",
      "io",
      "ipaddress",
      "ipython",
      "ipywidgets",
      "itertools",
      "itsdangerous",
      "java",
      "jinja2",
      "jnius",
      "js",
      "json",
      "json_schema",
      "jupyter",
      "jwk_set_cache",
      "jwks_client",
      "kazoo",
      "keyring",
      "keyword",
      "lambdas",
      "langhelpers",
      "leakcheck",
      "legacy",
      "licenses",
      "linecache",
      "lingua",
      "live",
      "live_render",
      "loader",
      "loading",
      "locale",
      "lock",
      "log",
      "logging",
      "lowlevel",
      "lzma",
      "main",
      "mako",
      "mapped_collection",
      "mapper",
      "markers",
      "markup",
      "markupsafe",
      "marshal",
      "math",
      "measure",
      "messages",
      "messaging",
      "migration",
      "mimetypes",
      "mmap",
      "mock",
      "models",
      "msvcrt",
      "multipart",
      "multiprocessing",
      "mypy",
      "mysql",
      "mysqldb",
      "named_types",
      "names",
      "netrc",
      "networks",
      "nodes",
      "ntpath",
      "numbers",
      "numpy",
      "oauth2",
      "objgraph",
      "open_id_connect_url",
      "operations",
      "operator",
      "operators",
      "ops",
      "optparse",
      "oracledb",
      "orjson",
      "orm",
      "os",
      "outcome",
      "package_data",
      "packaging",
      "padding",
      "pager",
      "palette",
      "panel",
      "param_functions",
      "parser",
      "path_registry",
      "pathlib",
      "pdb",
      "pexpect",
      "pg_catalog",
      "pickle",
      "pip",
      "pkg_resources",
      "pkgutil",
      "platform",
      "plistlib",
      "pluggy",
      "plugin",
      "pool",
      "poolmanager",
      "posixpath",
      "pprint",
      "preloaded",
      "pretty",
      "progress_bar",
      "properties",
      "protocol",
      "providers",
      "provision",
      "pstats",
      "psutil",
      "psycopg",
      "psycopg2",
      "pty",
      "pwd",
      "py",
      "py_compile",
      "pyannotate_runtime",
      "pycparser",
      "pydantic",
      "pydantic_core",
      "pydantic_settings",
      "pyfiles",
      "pygments",
      "pymongo",
      "pymysql",
      "pyodbc",
      "pyodide",
      "pysqlcipher3",
      "pysqlite",
      "pytest",
      "python_multipart",
      "pythoncom",
      "pytz",
      "query",
      "queue",
      "random",
      "ranges",
      "re",
      "reader",
      "readline",
      "recompiler",
      "redis",
      "reflection",
      "region",
      "registry",
      "relationships",
      "render",
      "reporters",
      "reports",
      "repr",
      "representer",
      "reprlib",
      "req_file",
      "req_install",
      "req_set",
      "request",
      "requests",
      "requirements",
      "reserved_words",
      "resolution",
      "resolver",
      "resolvers",
      "resources",
      "response",
      "responses",
      "result",
      "rethinkdb",
      "retry",
      "revision",
      "rewriter",
      "rfc_constants",
      "rich",
      "roles",
      "root_model",
      "routing",
      "row",
      "rule",
      "run",
      "runpy",
      "runtime",
      "scanner",
      "schema",
      "scope",
      "scoping",
      "screen",
      "script",
      "secrets",
      "segment",
      "select",
      "selectable",
      "selectors",
      "serializer",
      "server",
      "service",
      "session",
      "sessions",
      "sets",
      "setuptools",
      "shell_completion",
      "shlex",
      "shutil",
      "signal",
      "site",
      "six",
      "smoke",
      "sniffio",
      "socket",
      "socks",
      "socks_proxy",
      "socksio",
      "source",
      "sources",
      "specifiers",
      "speedups",
      "sphinx",
      "spinner",
      "sql",
      "sqla_compat",
      "sqla_plugin_base",
      "sqlalchemy",
      "sqlcipher3",
      "sqlite3",
      "sqltypes",
      "ssl",
      "ssl_",
      "ssltransport",
      "starlette",
      "stat",
      "state",
      "state_changes",
      "status",
      "status_codes",
      "strategies",
      "strategy_options",
      "streams",
      "string",
      "struct",
      "structs",
      "structures",
      "style",
      "styled",
      "subprocess",
      "sync",
      "syntax",
      "sys",
      "sysconfig",
      "table",
      "tags",
      "tarfile",
      "tempfile",
      "terminal_theme",
      "terminalwriter",
      "termios",
      "termui",
      "test_autogen_comments",
      "test_autogen_computed",
      "test_autogen_diffs",
      "test_autogen_fks",
      "test_autogen_identity",
      "test_cte",
      "test_ddl",
      "test_deprecations",
      "test_dialect",
      "test_environment",
      "test_insert",
      "test_op",
      "test_reflection",
      "test_results",
      "test_rowcount",
      "test_select",
      "test_sequence",
      "test_types",
      "test_unicode_ddl",
      "test_update_delete",
      "testing",
      "tests",
      "text",
      "textwrap",
      "theme",
      "thread",
      "threading",
      "time",
      "timeit",
      "timeout",
      "token",
      "tokenize",
      "tokens",
      "toml",
      "tomli",
      "tomllib",
      "tool_discovery",
      "tornado",
      "traceback",
      "tracemalloc",
      "traversals",
      "trio",
      "tty",
      "twisted",
      "type_adapter",
      "type_api",
      "types",
      "typing",
      "typing_extensions",
      "tzlocal",
      "ujson",
      "unicodedata",
      "unitofwork",
      "unittest",
      "uri",
      "url",
      "url_parser",
      "urllib",
      "urllib2",
      "urlparse",
      "util",
      "utils",
      "uts46data",
      "uuid",
      "uvicorn",
      "uvloop",
      "validate_call_decorator",
      "validate_email",
      "variables",
      "verifier",
      "version",
      "visitors",
      "wait",
      "warning_types",
      "warnings",
      "watchfiles",
      "watchgod",
      "wcwidth",
      "weakref",
      "webbrowser",
      "websockets",
      "win32",
      "winloop",
      "winreg",
      "winterm",
      "wmi",
      "writeonly",
      "wsgi",
      "wsproto",
      "xml",
      "xmlrpc",
      "xmlrpclib",
      "yaml",
      "yasara_desktop",
      "zipfile",
      "zipimport",
      "zlib",
      "zoneinfo",
      "zope",
      "zstandard"
    ],
    "validated_packages": [
      "aiosqlite",
      "anyio",
      "apscheduler",
      "certifi",
      "cryptography",
      "dns",
      "dotenv",
      "fastapi",
      "httpx",
      "numpy",
      "orjson",
      "pydantic",
      "pydantic_settings",
      "sqlalchemy",
      "starlette",
      "typing_extensions",
      "uvicorn",
      "websockets",
      "yaml"
    ]
  },
  "source_validation": {
    "ready": true,
    "checks": {
      "router_exists": true,
      "desktop_entry_exists": true,
      "frontend_dist_exists": true,
      "router_registry_only": true
    }
  },
  "staging": {
    "ready": true,
    "source_router": "D:\\yasara_clean\\backend\\app\\api\\v1\\router.py",
    "staged_router": "D:\\yasara_clean\\.build_stage\\backend\\app\\api\\v1\\router.py",
    "source_sha256": "8d7ac57e55b5c1cbe22259dbf3fade8e3af2601920468fa0487c63ef08dc208c",
    "staged_sha256": "8d7ac57e55b5c1cbe22259dbf3fade8e3af2601920468fa0487c63ef08dc208c"
  },
  "return_code": 0,
  "exe_exists": true,
  "exe_path": "D:\\yasara_clean\\dist\\windows\\portable\\YaSara\\YaSara.exe",
  "sha256": "b700ed0ff78021aecfc8946a776ccc656c1237599fdd403d9a4ad26d225c5ba1",
  "packaged_backend_validation": {
    "ready": true,
    "checks": {
      "source_exists": true,
      "stage_exists": true,
      "packaged_exists": true,
      "hash_match": true,
      "packaged_router_clean": true
    },
    "hashes": {
      "source": "8d7ac57e55b5c1cbe22259dbf3fade8e3af2601920468fa0487c63ef08dc208c",
      "stage": "8d7ac57e55b5c1cbe22259dbf3fade8e3af2601920468fa0487c63ef08dc208c",
      "packaged": "8d7ac57e55b5c1cbe22259dbf3fade8e3af2601920468fa0487c63ef08dc208c"
    }
  },
  "executable_validation": {
    "ready": true,
    "exe_return_code": 1,
    "health_ok": true,
    "health_url": "http://127.0.0.1:8000/openapi.json",
    "health_status": 200,
    "probe_results": {
      "http://127.0.0.1:8000/api/v1/health": "<urlopen error timed out>",
      "http://127.0.0.1:8000/health": "<urlopen error timed out>",
      "http://127.0.0.1:8000/docs": "<urlopen error timed out>",
      "http://127.0.0.1:8000/openapi.json": 200
    },
    "runtime_report": null,
    "backend_stderr_tail": ""
  }
}

670 INFO: PyInstaller: 6.21.0, contrib hooks: 2026.6
671 INFO: Python: 3.12.10
737 INFO: Platform: Windows-11-10.0.26200-SP0
737 INFO: Python environment: C:\Program Files\Python312
743 INFO: Removing temporary files and cleaning cache in C:\Users\rasou\AppData\Local\pyinstaller
31772 WARNING: collect_data_files - skipping data collection for module 'typing_extensions' as it is not a package.
31772 WARNING: collect_dynamic_libs - skipping library collection for module 'typing_extensions' as it is not a package.
C:\Users\rasou\AppData\Roaming\Python\Python312\site-packages\pydantic\experimental\__init__.py:7: PydanticExperimentalWarning: This module is experimental, its contents are subject to change and deprecation.
  warnings.warn(
C:\Users\rasou\AppData\Roaming\Python\Python312\site-packages\pydantic\experimental\__init__.py:7: PydanticExperimentalWarning: This module is experimental, its contents are subject to change and deprecation.
  warnings.warn(
51948 INFO: Module search paths (PYTHONPATH):
['D:\\yasara_clean',
 'C:\\Program Files\\Python312\\python312.zip',
 'C:\\Program Files\\Python312\\DLLs',
 'C:\\Program Files\\Python312\\Lib',
 'C:\\Program Files\\Python312',
 'C:\\Users\\rasou\\AppData\\Roaming\\Python\\Python312\\site-packages',
 'C:\\Program Files\\Python312\\Lib\\site-packages',
 'D:\\yasara_clean\\desktop',
 'D:\\yasara_clean',
 'D:\\yasara_clean\\.build_stage\\backend']
52512 INFO: Appending 'datas' from .spec
52940 INFO: checking Analysis
52940 INFO: Building Analysis because Analysis-00.toc is non existent
52941 INFO: Looking for Python shared library...
52941 INFO: Using Python shared library: C:\Program Files\Python312\python312.dll
52941 INFO: Running Analysis Analysis-00.toc
52941 INFO: Target bytecode optimization level: 0
52941 INFO: Initializing module dependency graph...
52944 INFO: Initializing module graph hook caches...
53091 INFO: Analyzing modules for base_library.zip ...
54863 INFO: Processing standard module hook 'hook-heapq.py' from 'C:\\Users\\rasou\\AppData\\Roaming\\Python\\Python312\\site-packages\\PyInstaller\\hooks'
55157 INFO: Processing standard module hook 'hook-encodings.py' from 'C:\\Users\\rasou\\AppData\\Roaming\\Python\\Python312\\site-packages\\PyInstaller\\hooks'
58216 INFO: Processing standard module hook 'hook-math.py' from 'C:\\Users\\rasou\\AppData\\Roaming\\Python\\Python312\\site-packages\\PyInstaller\\hooks'
58669 INFO: Processing standard module hook 'hook-pickle.py' from 'C:\\Users\\rasou\\AppData\\Roaming\\Python\\Python312\\site-packages\\PyInstaller\\hooks'
61811 INFO: Caching module dependency graph...
61905 INFO: Analyzing D:\yasara_clean\desktop\yasara_desktop.py
62481 INFO: Processing standard module hook 'hook-webbrowser.py' from 'C:\\Users\\rasou\\AppData\\Roaming\\Python\\Python312\\site-packages\\PyInstaller\\hooks'
62507 INFO: Processing standard module hook 'hook-uvicorn.py' from 'C:\\Users\\rasou\\AppData\\Roaming\\Python\\Python312\\site-packages\\_pyinstaller_hooks_contrib\\stdhooks'
63567 INFO: Processing standard module hook 'hook-multiprocessing.util.py' from 'C:\\Users\\rasou\\AppData\\Roaming\\Python\\Python312\\site-packages\\PyInstaller\\hooks'
63736 INFO: Processing standard module hook 'hook-xml.py' from 'C:\\Users\\rasou\\AppData\\Roaming\\Python\\Python312\\site-packages\\PyInstaller\\hooks'
64153 INFO: Processing standard module hook 'hook-_ctypes.py' from 'C:\\Users\\rasou\\AppData\\Roaming\\Python\\Python312\\site-packages\\PyInstaller\\hooks'
65294 INFO: Processing standard module hook 'hook-platform.py' from 'C:\\Users\\rasou\\AppData\\Roaming\\Python\\Python312\\site-packages\\PyInstaller\\hooks'
65406 INFO: Processing pre-safe-import-module hook 'hook-typing_extensions.py' from 'C:\\Users\\rasou\\AppData\\Roaming\\Python\\Python312\\site-packages\\PyInstaller\\hooks\\pre_safe_import_module'
65411 INFO: SetuptoolsInfo: initializing cached setuptools info...
66840 INFO: Processing standard module hook 'hook-difflib.py' from 'C:\\Users\\rasou\\AppData\\Roaming\\Python\\Python312\\site-packages\\PyInstaller\\hooks'
67797 INFO: Processing standard module hook 'hook-websockets.py' from 'C:\\Users\\rasou\\AppData\\Roaming\\Python\\Python312\\site-packages\\_pyinstaller_hooks_contrib\\stdhooks'
68979 INFO: Processing standard module hook 'hook-anyio.py' from 'C:\\Users\\rasou\\AppData\\Roaming\\Python\\Python312\\site-packages\\_pyinstaller_hooks_contrib\\stdhooks'
71133 INFO: Processing standard module hook 'hook-pydantic.py' from 'C:\\Users\\rasou\\AppData\\Roaming\\Python\\Python312\\site-packages\\_pyinstaller_hooks_contrib\\stdhooks'
C:\Users\rasou\AppData\Roaming\Python\Python312\site-packages\pydantic\experimental\__init__.py:7: PydanticExperimentalWarning: This module is experimental, its contents are subject to change and deprecation.
  warnings.warn(
73643 INFO: Processing standard module hook 'hook-certifi.py' from 'C:\\Users\\rasou\\AppData\\Roaming\\Python\\Python312\\site-packages\\_pyinstaller_hooks_contrib\\stdhooks'
74802 INFO: Processing standard module hook 'hook-dns.rdata.py' from 'C:\\Users\\rasou\\AppData\\Roaming\\Python\\Python312\\site-packages\\_pyinstaller_hooks_contrib\\stdhooks'
76133 INFO: Processing standard module hook 'hook-zoneinfo.py' from 'C:\\Users\\rasou\\AppData\\Roaming\\Python\\Python312\\site-packages\\_pyinstaller_hooks_contrib\\stdhooks'
76182 INFO: Processing standard module hook 'hook-sysconfig.py' from 'C:\\Users\\rasou\\AppData\\Roaming\\Python\\Python312\\site-packages\\PyInstaller\\hooks'
78077 INFO: Processing standard module hook 'hook-orjson.py' from 'C:\\Users\\rasou\\AppData\\Roaming\\Python\\Python312\\site-packages\\_pyinstaller_hooks_contrib\\stdhooks'
78342 INFO: Processing pre-safe-import-module hook 'hook-tomli.py' from 'C:\\Users\\rasou\\AppData\\Roaming\\Python\\Python312\\site-packages\\PyInstaller\\hooks\\pre_safe_import_module'
78345 INFO: Setuptools: 'tomli' appears to be a setuptools-vendored copy - creating alias to 'setuptools._vendor.tomli'!
78359 INFO: Processing standard module hook 'hook-setuptools.py' from 'C:\\Users\\rasou\\AppData\\Roaming\\Python\\Python312\\site-packages\\PyInstaller\\hooks'
78383 INFO: Processing pre-safe-import-module hook 'hook-distutils.py' from 'C:\\Users\\rasou\\AppData\\Roaming\\Python\\Python312\\site-packages\\PyInstaller\\hooks\\pre_safe_import_module'
78448 INFO: Processing pre-safe-import-module hook 'hook-jaraco.py' from 'C:\\Users\\rasou\\AppData\\Roaming\\Python\\Python312\\site-packages\\PyInstaller\\hooks\\pre_safe_import_module'
78450 INFO: Setuptools: 'jaraco' appears to be a full setuptools-vendored copy - creating alias to 'setuptools._vendor.jaraco'!
78473 INFO: Processing pre-safe-import-module hook 'hook-more_itertools.py' from 'C:\\Users\\rasou\\AppData\\Roaming\\Python\\Python312\\site-packages\\PyInstaller\\hooks\\pre_safe_import_module'
78475 INFO: Setuptools: 'more_itertools' appears to be a setuptools-vendored copy - creating alias to 'setuptools._vendor.more_itertools'!
78932 INFO: Processing pre-safe-import-module hook 'hook-packaging.py' from 'C:\\Users\\rasou\\AppData\\Roaming\\Python\\Python312\\site-packages\\PyInstaller\\hooks\\pre_safe_import_module'
79406 INFO: Processing standard module hook 'hook-setuptools._vendor.jaraco.text.py' from 'C:\\Users\\rasou\\AppData\\Roaming\\Python\\Python312\\site-packages\\PyInstaller\\hooks'
79409 INFO: Processing pre-safe-import-module hook 'hook-importlib_resources.py' from 'C:\\Users\\rasou\\AppData\\Roaming\\Python\\Python312\\site-packages\\PyInstaller\\hooks\\pre_safe_import_module'
79433 INFO: Processing pre-safe-import-module hook 'hook-backports.py' from 'C:\\Users\\rasou\\AppData\\Roaming\\Python\\Python312\\site-packages\\PyInstaller\\hooks\\pre_safe_import_module'
79437 INFO: Setuptools: 'backports' appears to be a full setuptools-vendored copy - creating alias to 'setuptools._vendor.backports'!
79734 INFO: Processing pre-safe-import-module hook 'hook-importlib_metadata.py' from 'C:\\Users\\rasou\\AppData\\Roaming\\Python\\Python312\\site-packages\\PyInstaller\\hooks\\pre_safe_import_module'
79736 INFO: Setuptools: 'importlib_metadata' appears to be a setuptools-vendored copy - creating alias to 'setuptools._vendor.importlib_metadata'!
79790 INFO: Processing standard module hook 'hook-setuptools._vendor.importlib_metadata.py' from 'C:\\Users\\rasou\\AppData\\Roaming\\Python\\Python312\\site-packages\\PyInstaller\\hooks'
79849 INFO: Processing pre-safe-import-module hook 'hook-zipp.py' from 'C:\\Users\\rasou\\AppData\\Roaming\\Python\\Python312\\site-packages\\PyInstaller\\hooks\\pre_safe_import_module'
79851 INFO: Setuptools: 'zipp' appears to be a setuptools-vendored copy - creating alias to 'setuptools._vendor.zipp'!
81092 INFO: Processing pre-safe-import-module hook 'hook-wheel.py' from 'C:\\Users\\rasou\\AppData\\Roaming\\Python\\Python312\\site-packages\\PyInstaller\\hooks\\pre_safe_import_module'
81094 INFO: Setuptools: 'wheel' appears to be a setuptools-vendored copy - creating alias to 'setuptools._vendor.wheel'!
81270 INFO: Processing standard module hook 'hook-sqlalchemy.py' from 'C:\\Users\\rasou\\AppData\\Roaming\\Python\\Python312\\site-packages\\PyInstaller\\hooks'
88143 INFO: Analyzing hidden import 'aiosqlite'
88150 INFO: Processing standard module hook 'hook-sqlite3.py' from 'C:\\Users\\rasou\\AppData\\Roaming\\Python\\Python312\\site-packages\\PyInstaller\\hooks'
88638 INFO: Analyzing hidden import 'aiosqlite.tests'
88875 INFO: Analyzing hidden import 'aiosqlite.tests.__main__'
88878 INFO: Analyzing hidden import 'aiosqlite.tests.perf'
88902 INFO: Analyzing hidden import 'anyio._backends'
88904 INFO: Analyzing hidden import 'anyio._backends._asyncio'
89122 INFO: Analyzing hidden import 'anyio._backends._trio'
89221 INFO: Analyzing hidden import 'anyio.functools'
89242 INFO: Analyzing hidden import 'anyio.itertools'
89279 INFO: Analyzing hidden import 'anyio.pytest_plugin'
89303 INFO: Processing standard module hook 'hook-pytest.py' from 'C:\\Users\\rasou\\AppData\\Roaming\\Python\\Python312\\site-packages\\_pyinstaller_hooks_contrib\\stdhooks'
89705 INFO: Processing standard module hook 'hook-py.py' from 'C:\\Users\\rasou\\AppData\\Roaming\\Python\\Python312\\site-packages\\_pyinstaller_hooks_contrib\\stdhooks'
91662 INFO: Processing standard module hook 'hook-numpy.py' from 'C:\\Users\\rasou\\AppData\\Roaming\\Python\\Python312\\site-packages\\PyInstaller\\hooks'
95073 INFO: Processing standard module hook 'hook-charset_normalizer.py' from 'C:\\Users\\rasou\\AppData\\Roaming\\Python\\Python312\\site-packages\\_pyinstaller_hooks_contrib\\stdhooks'
95852 INFO: Analyzing hidden import 'anyio.streams.buffered'
95865 INFO: Analyzing hidden import 'anyio.streams.file'
95872 INFO: Analyzing hidden import 'anyio.streams.text'
95880 INFO: Analyzing hidden import 'anyio.to_interpreter'
95892 INFO: Analyzing hidden import 'anyio.to_process'
95904 INFO: Analyzing hidden import 'apscheduler'
95907 INFO: Processing standard module hook 'hook-apscheduler.py' from 'C:\\Users\\rasou\\AppData\\Roaming\\Python\\Python312\\site-packages\\_pyinstaller_hooks_contrib\\stdhooks'
96382 INFO: Analyzing hidden import 'apscheduler.events'
96388 INFO: Analyzing hidden import 'apscheduler.executors'
96389 INFO: Analyzing hidden import 'apscheduler.executors.asyncio'
96420 INFO: Processing standard module hook 'hook-pytz.py' from 'C:\\Users\\rasou\\AppData\\Roaming\\Python\\Python312\\site-packages\\PyInstaller\\hooks'
96787 INFO: Analyzing hidden import 'apscheduler.executors.debug'
96791 INFO: Analyzing hidden import 'apscheduler.executors.gevent'
96796 INFO: Analyzing hidden import 'apscheduler.executors.pool'
96802 INFO: Analyzing hidden import 'apscheduler.executors.tornado'
96807 INFO: Analyzing hidden import 'apscheduler.executors.twisted'
96812 INFO: Analyzing hidden import 'apscheduler.job'
96828 INFO: Analyzing hidden import 'apscheduler.jobstores'
96830 INFO: Analyzing hidden import 'apscheduler.jobstores.base'
96834 INFO: Analyzing hidden import 'apscheduler.jobstores.memory'
96841 INFO: Analyzing hidden import 'apscheduler.jobstores.mongodb'
96850 INFO: Analyzing hidden import 'apscheduler.jobstores.redis'
96860 INFO: Analyzing hidden import 'apscheduler.jobstores.rethinkdb'
96869 INFO: Analyzing hidden import 'apscheduler.jobstores.sqlalchemy'
96879 INFO: Analyzing hidden import 'apscheduler.jobstores.zookeeper'
96888 INFO: Analyzing hidden import 'apscheduler.schedulers'
96891 INFO: Analyzing hidden import 'apscheduler.schedulers.asyncio'
96983 INFO: Analyzing hidden import 'apscheduler.schedulers.background'
96989 INFO: Analyzing hidden import 'apscheduler.schedulers.gevent'
96993 INFO: Analyzing hidden import 'apscheduler.schedulers.qt'
96997 INFO: Analyzing hidden import 'apscheduler.schedulers.tornado'
97001 INFO: Analyzing hidden import 'apscheduler.schedulers.twisted'
97005 INFO: Analyzing hidden import 'apscheduler.triggers.combining'
97011 INFO: Analyzing hidden import 'apscheduler.triggers.cron'
97050 INFO: Analyzing hidden import 'apscheduler.triggers.date'
97054 INFO: Analyzing hidden import 'apscheduler.triggers.interval'
97060 INFO: Analyzing hidden import 'certifi.__main__'
97062 INFO: Analyzing hidden import 'cryptography'
97064 INFO: Processing standard module hook 'hook-cryptography.py' from 'C:\\Users\\rasou\\AppData\\Roaming\\Python\\Python312\\site-packages\\_pyinstaller_hooks_contrib\\stdhooks'
98923 INFO: hook-cryptography: cryptography does not seem to be using dynamically linked OpenSSL.
98927 INFO: Analyzing hidden import 'cryptography.exceptions'
98936 INFO: Analyzing hidden import 'cryptography.fernet'
99022 INFO: Analyzing hidden import 'cryptography.hazmat._oid'
99036 INFO: Analyzing hidden import 'cryptography.hazmat.asn1'
99052 INFO: Analyzing hidden import 'cryptography.hazmat.backends'
99130 INFO: Analyzing hidden import 'cryptography.hazmat.primitives.asymmetric.dh'
99136 INFO: Analyzing hidden import 'cryptography.hazmat.primitives.asymmetric.dsa'
99144 INFO: Analyzing hidden import 'cryptography.hazmat.primitives.asymmetric.ed25519'
99149 INFO: Analyzing hidden import 'cryptography.hazmat.primitives.asymmetric.ed448'
99156 INFO: Analyzing hidden import 'cryptography.hazmat.primitives.asymmetric.mldsa'
99168 INFO: Analyzing hidden import 'cryptography.hazmat.primitives.asymmetric.mlkem'
99177 INFO: Analyzing hidden import 'cryptography.hazmat.primitives.asymmetric.types'
99193 INFO: Analyzing hidden import 'cryptography.hazmat.primitives.ciphers.aead'
99195 INFO: Analyzing hidden import 'cryptography.hazmat.primitives.cmac'
99197 INFO: Analyzing hidden import 'cryptography.hazmat.primitives.constant_time'
99200 INFO: Analyzing hidden import 'cryptography.hazmat.primitives.hpke'
99203 INFO: Analyzing hidden import 'cryptography.hazmat.primitives.kdf'
99205 INFO: Analyzing hidden import 'cryptography.hazmat.primitives.kdf.argon2'
99208 INFO: Analyzing hidden import 'cryptography.hazmat.primitives.kdf.concatkdf'
99211 INFO: Analyzing hidden import 'cryptography.hazmat.primitives.kdf.hkdf'
99213 INFO: Analyzing hidden import 'cryptography.hazmat.primitives.kdf.kbkdf'
99216 INFO: Analyzing hidden import 'cryptography.hazmat.primitives.kdf.pbkdf2'
99219 INFO: Analyzing hidden import 'cryptography.hazmat.primitives.kdf.scrypt'
99222 INFO: Analyzing hidden import 'cryptography.hazmat.primitives.kdf.x963kdf'
99224 INFO: Analyzing hidden import 'cryptography.hazmat.primitives.keywrap'
99237 INFO: Analyzing hidden import 'cryptography.hazmat.primitives.poly1305'
99240 INFO: Analyzing hidden import 'cryptography.hazmat.primitives.serialization'
99310 INFO: Processing standard module hook 'hook-bcrypt.py' from 'C:\\Users\\rasou\\AppData\\Roaming\\Python\\Python312\\site-packages\\_pyinstaller_hooks_contrib\\stdhooks'
99314 INFO: Analyzing hidden import 'cryptography.hazmat.primitives.serialization.pkcs12'
99497 INFO: Analyzing hidden import 'cryptography.hazmat.primitives.serialization.pkcs7'
99511 INFO: Analyzing hidden import 'cryptography.hazmat.primitives.twofactor'
99514 INFO: Analyzing hidden import 'cryptography.hazmat.primitives.twofactor.hotp'
99520 INFO: Analyzing hidden import 'cryptography.hazmat.primitives.twofactor.totp'
99524 INFO: Analyzing hidden import 'cryptography.x509.ocsp'
99539 INFO: Analyzing hidden import 'dns.btree'
99573 INFO: Analyzing hidden import 'dns.btreezone'
99603 INFO: Analyzing hidden import 'dns.dnssec'
99724 INFO: Analyzing hidden import 'dns.e164'
99729 INFO: Analyzing hidden import 'dns.namedict'
99735 INFO: Analyzing hidden import 'dns.rdtypes.ANY.AFSDB'
99743 INFO: Analyzing hidden import 'dns.rdtypes.ANY.AMTRELAY'
99748 INFO: Analyzing hidden import 'dns.rdtypes.ANY.AVC'
99756 INFO: Analyzing hidden import 'dns.rdtypes.ANY.CAA'
99761 INFO: Analyzing hidden import 'dns.rdtypes.ANY.CERT'
99765 INFO: Analyzing hidden import 'dns.rdtypes.ANY.CNAME'
99768 INFO: Analyzing hidden import 'dns.rdtypes.ANY.CSYNC'
99774 INFO: Analyzing hidden import 'dns.rdtypes.ANY.DLV'
99776 INFO: Analyzing hidden import 'dns.rdtypes.ANY.DNAME'
99780 INFO: Analyzing hidden import 'dns.rdtypes.ANY.DSYNC'
99784 INFO: Analyzing hidden import 'dns.rdtypes.ANY.EUI48'
99792 INFO: Analyzing hidden import 'dns.rdtypes.ANY.EUI64'
99794 INFO: Analyzing hidden import 'dns.rdtypes.ANY.GPOS'
99801 INFO: Analyzing hidden import 'dns.rdtypes.ANY.HINFO'
99806 INFO: Analyzing hidden import 'dns.rdtypes.ANY.HIP'
99812 INFO: Analyzing hidden import 'dns.rdtypes.ANY.ISDN'
99815 INFO: Analyzing hidden import 'dns.rdtypes.ANY.L32'
99820 INFO: Analyzing hidden import 'dns.rdtypes.ANY.L64'
99823 INFO: Analyzing hidden import 'dns.rdtypes.ANY.LOC'
99837 INFO: Analyzing hidden import 'dns.rdtypes.ANY.LP'
99842 INFO: Analyzing hidden import 'dns.rdtypes.ANY.MX'
99844 INFO: Analyzing hidden import 'dns.rdtypes.ANY.NID'
99848 INFO: Analyzing hidden import 'dns.rdtypes.ANY.NINFO'
99851 INFO: Analyzing hidden import 'dns.rdtypes.ANY.NS'
99854 INFO: Analyzing hidden import 'dns.rdtypes.ANY.NSEC3'
99862 INFO: Analyzing hidden import 'dns.rdtypes.ANY.OPENPGPKEY'
99865 INFO: Analyzing hidden import 'dns.rdtypes.ANY.RESINFO'
99869 INFO: Analyzing hidden import 'dns.rdtypes.ANY.RP'
99873 INFO: Analyzing hidden import 'dns.rdtypes.ANY.RT'
99876 INFO: Analyzing hidden import 'dns.rdtypes.ANY.SPF'
99878 INFO: Analyzing hidden import 'dns.rdtypes.ANY.SSHFP'
99884 INFO: Analyzing hidden import 'dns.rdtypes.ANY.TKEY'
99890 INFO: Analyzing hidden import 'dns.rdtypes.ANY.TLSA'
99893 INFO: Analyzing hidden import 'dns.rdtypes.ANY.TXT'
99896 INFO: Analyzing hidden import 'dns.rdtypes.ANY.URI'
99902 INFO: Analyzing hidden import 'dns.rdtypes.ANY.WALLET'
99904 INFO: Analyzing hidden import 'dns.rdtypes.ANY.X25'
99908 INFO: Analyzing hidden import 'dns.rdtypes.CH'
99910 INFO: Analyzing hidden import 'dns.rdtypes.CH.A'
99915 INFO: Analyzing hidden import 'dns.rdtypes.IN'
99917 INFO: Analyzing hidden import 'dns.rdtypes.IN.A'
99922 INFO: Analyzing hidden import 'dns.rdtypes.IN.AAAA'
99928 INFO: Analyzing hidden import 'dns.rdtypes.IN.APL'
99940 INFO: Analyzing hidden import 'dns.rdtypes.IN.DHCID'
99944 INFO: Analyzing hidden import 'dns.rdtypes.IN.HTTPS'
99946 INFO: Analyzing hidden import 'dns.rdtypes.IN.IPSECKEY'
99952 INFO: Analyzing hidden import 'dns.rdtypes.IN.KX'
99956 INFO: Analyzing hidden import 'dns.rdtypes.IN.NAPTR'
99961 INFO: Analyzing hidden import 'dns.rdtypes.IN.NSAP'
99966 INFO: Analyzing hidden import 'dns.rdtypes.IN.NSAP_PTR'
99968 INFO: Analyzing hidden import 'dns.rdtypes.IN.PX'
99972 INFO: Analyzing hidden import 'dns.rdtypes.IN.SRV'
99978 INFO: Analyzing hidden import 'dns.rdtypes.IN.SVCB'
99980 INFO: Analyzing hidden import 'dns.rdtypes.IN.WKS'
99985 INFO: Analyzing hidden import 'dns.tsigkeyring'
99989 INFO: Analyzing hidden import 'dotenv.__main__'
100003 INFO: Analyzing hidden import 'fastapi.__main__'
100008 INFO: Analyzing hidden import 'fastapi.middleware'
100010 INFO: Analyzing hidden import 'fastapi.middleware.cors'
100020 INFO: Analyzing hidden import 'fastapi.middleware.gzip'
100029 INFO: Analyzing hidden import 'fastapi.middleware.httpsredirect'
100037 INFO: Analyzing hidden import 'fastapi.middleware.trustedhost'
100045 INFO: Analyzing hidden import 'fastapi.middleware.wsgi'
100059 INFO: Analyzing hidden import 'fastapi.templating'
100071 INFO: Analyzing hidden import 'fastapi.testclient'
100107 INFO: Analyzing hidden import 'numpy._configtool'
100111 INFO: Analyzing hidden import 'numpy._core._exceptions'
100123 INFO: Analyzing hidden import 'numpy._core._multiarray_tests'
100123 INFO: Analyzing hidden import 'numpy._core._operand_flag_tests'
100124 INFO: Analyzing hidden import 'numpy._core._rational_tests'
100124 INFO: Analyzing hidden import 'numpy._core._simd'
100127 INFO: Analyzing hidden import 'numpy._core._struct_ufunc_tests'
100128 INFO: Analyzing hidden import 'numpy._core._umath_tests'
100133 INFO: Analyzing hidden import 'numpy._core.cversions'
100136 INFO: Analyzing hidden import 'numpy._pyinstaller'
100136 INFO: Analyzing hidden import 'numpy._pyinstaller.hook-numpy'
100224 INFO: Processing standard module hook 'hook-win32ctypes.core.py' from 'C:\\Users\\rasou\\AppData\\Roaming\\Python\\Python312\\site-packages\\PyInstaller\\hooks'
101618 INFO: Processing standard module hook 'hook-pycparser.py' from 'C:\\Users\\rasou\\AppData\\Roaming\\Python\\Python312\\site-packages\\_pyinstaller_hooks_contrib\\stdhooks'
102931 INFO: Analyzing hidden import 'numpy._pyinstaller.tests'
102934 INFO: Analyzing hidden import 'numpy._pyinstaller.tests.pyinstaller-smoke'
102939 INFO: Analyzing hidden import 'numpy._pyinstaller.tests.test_pyinstaller'
102943 INFO: Analyzing hidden import 'numpy._typing._extended_precision'
102946 INFO: Analyzing hidden import 'numpy._utils._pep440'
102960 INFO: Analyzing hidden import 'numpy.conftest'
102969 INFO: Analyzing hidden import 'numpy.core._dtype'
102972 INFO: Analyzing hidden import 'numpy.core._dtype_ctypes'
102975 INFO: Analyzing hidden import 'numpy.core._internal'
102977 INFO: Analyzing hidden import 'numpy.core._multiarray_umath'
102982 INFO: Analyzing hidden import 'numpy.core.arrayprint'
102985 INFO: Analyzing hidden import 'numpy.core.defchararray'
102987 INFO: Analyzing hidden import 'numpy.core.einsumfunc'
102990 INFO: Analyzing hidden import 'numpy.core.fromnumeric'
102993 INFO: Analyzing hidden import 'numpy.core.function_base'
102995 INFO: Analyzing hidden import 'numpy.core.getlimits'
102997 INFO: Analyzing hidden import 'numpy.core.multiarray'
103000 INFO: Analyzing hidden import 'numpy.core.numeric'
103003 INFO: Analyzing hidden import 'numpy.core.numerictypes'
103005 INFO: Analyzing hidden import 'numpy.core.overrides'
103008 INFO: Analyzing hidden import 'numpy.core.records'
103010 INFO: Analyzing hidden import 'numpy.core.shape_base'
103013 INFO: Analyzing hidden import 'numpy.core.umath'
103016 INFO: Analyzing hidden import 'numpy.f2py.__main__'
103018 INFO: Analyzing hidden import 'numpy.f2py._src_pyf'
103031 INFO: Analyzing hidden import 'numpy.f2py.tests'
103033 INFO: Analyzing hidden import 'numpy.f2py.tests.test_abstract_interface'
103054 INFO: Analyzing hidden import 'numpy.f2py.tests.test_array_from_pyobj'
103091 INFO: Analyzing hidden import 'numpy.f2py.tests.test_assumed_shape'
103096 INFO: Analyzing hidden import 'numpy.f2py.tests.test_block_docstring'
103099 INFO: Analyzing hidden import 'numpy.f2py.tests.test_callback'
103114 INFO: Analyzing hidden import 'numpy.f2py.tests.test_capi_maps'
103119 INFO: Analyzing hidden import 'numpy.f2py.tests.test_character'
103161 INFO: Analyzing hidden import 'numpy.f2py.tests.test_common'
103165 INFO: Analyzing hidden import 'numpy.f2py.tests.test_crackfortran'
103202 INFO: Analyzing hidden import 'numpy.f2py.tests.test_data'
103212 INFO: Analyzing hidden import 'numpy.f2py.tests.test_docs'
103221 INFO: Analyzing hidden import 'numpy.f2py.tests.test_f2cmap'
103226 INFO: Analyzing hidden import 'numpy.f2py.tests.test_f2py2e'
103298 INFO: Analyzing hidden import 'numpy.f2py.tests.test_isoc'
103305 INFO: Analyzing hidden import 'numpy.f2py.tests.test_kind'
103312 INFO: Analyzing hidden import 'numpy.f2py.tests.test_mixed'
103317 INFO: Analyzing hidden import 'numpy.f2py.tests.test_modules'
103323 INFO: Analyzing hidden import 'numpy.f2py.tests.test_parameter'
103339 INFO: Analyzing hidden import 'numpy.f2py.tests.test_pyf_src'
103345 INFO: Analyzing hidden import 'numpy.f2py.tests.test_quoted_character'
103349 INFO: Analyzing hidden import 'numpy.f2py.tests.test_regression'
103422 INFO: Analyzing hidden import 'numpy.f2py.tests.test_return_character'
103429 INFO: Analyzing hidden import 'numpy.f2py.tests.test_return_complex'
103441 INFO: Analyzing hidden import 'numpy.f2py.tests.test_return_integer'
103449 INFO: Analyzing hidden import 'numpy.f2py.tests.test_return_logical'
103460 INFO: Analyzing hidden import 'numpy.f2py.tests.test_return_real'
103471 INFO: Analyzing hidden import 'numpy.f2py.tests.test_routines'
103475 INFO: Analyzing hidden import 'numpy.f2py.tests.test_semicolon_split'
103483 INFO: Analyzing hidden import 'numpy.f2py.tests.test_size'
103490 INFO: Analyzing hidden import 'numpy.f2py.tests.test_string'
103502 INFO: Analyzing hidden import 'numpy.f2py.tests.test_symbolic'
103557 INFO: Analyzing hidden import 'numpy.f2py.tests.test_value_attrspec'
103560 INFO: Analyzing hidden import 'numpy.fft.tests'
103561 INFO: Analyzing hidden import 'numpy.fft.tests.test_helper'
103575 INFO: Analyzing hidden import 'numpy.fft.tests.test_pocketfft'
103648 INFO: Analyzing hidden import 'numpy.lib._user_array_impl'
103672 INFO: Analyzing hidden import 'numpy.lib.tests'
103673 INFO: Analyzing hidden import 'numpy.lib.tests.test__datasource'
103702 INFO: Analyzing hidden import 'numpy.lib.tests.test__iotools'
103732 INFO: Analyzing hidden import 'numpy.lib.tests.test__version'
103740 INFO: Analyzing hidden import 'numpy.lib.tests.test_array_utils'
103745 INFO: Analyzing hidden import 'numpy.lib.tests.test_arraypad'
103836 INFO: Analyzing hidden import 'numpy.lib.tests.test_arraysetops'
103936 INFO: Analyzing hidden import 'numpy.lib.tests.test_arrayterator'
103943 INFO: Analyzing hidden import 'numpy.lib.tests.test_format'
104006 INFO: Analyzing hidden import 'numpy.lib.tests.test_function_base'
104408 INFO: Analyzing hidden import 'numpy.lib.tests.test_histograms'
104475 INFO: Analyzing hidden import 'numpy.lib.tests.test_index_tricks'
104526 INFO: Analyzing hidden import 'numpy.lib.tests.test_io'
104778 INFO: Analyzing hidden import 'numpy.lib.tests.test_loadtxt'
104859 INFO: Analyzing hidden import 'numpy.lib.tests.test_mixins'
104880 INFO: Analyzing hidden import 'numpy.lib.tests.test_nanfunctions'
105020 INFO: Analyzing hidden import 'numpy.lib.tests.test_packbits'
105053 INFO: Analyzing hidden import 'numpy.lib.tests.test_polynomial'
105077 INFO: Analyzing hidden import 'numpy.lib.tests.test_recfunctions'
105156 INFO: Analyzing hidden import 'numpy.lib.tests.test_regression'
105176 INFO: Analyzing hidden import 'numpy.lib.tests.test_shape_base'
105256 INFO: Analyzing hidden import 'numpy.lib.tests.test_stride_tricks'
105320 INFO: Analyzing hidden import 'numpy.lib.tests.test_twodim_base'
105363 INFO: Analyzing hidden import 'numpy.lib.tests.test_type_check'
105409 INFO: Analyzing hidden import 'numpy.lib.tests.test_ufunclike'
105419 INFO: Analyzing hidden import 'numpy.lib.tests.test_utils'
105428 INFO: Analyzing hidden import 'numpy.lib.user_array'
105430 INFO: Analyzing hidden import 'numpy.linalg.lapack_lite'
105438 INFO: Analyzing hidden import 'numpy.linalg.tests'
105439 INFO: Analyzing hidden import 'numpy.linalg.tests.test_deprecations'
105444 INFO: Analyzing hidden import 'numpy.linalg.tests.test_linalg'
105658 INFO: Analyzing hidden import 'numpy.linalg.tests.test_regression'
105679 INFO: Analyzing hidden import 'numpy.ma.tests'
105680 INFO: Analyzing hidden import 'numpy.ma.tests.test_arrayobject'
105688 INFO: Analyzing hidden import 'numpy.ma.tests.test_core'
106101 INFO: Analyzing hidden import 'numpy.ma.tests.test_deprecations'
106108 INFO: Analyzing hidden import 'numpy.ma.tests.test_extras'
106235 INFO: Analyzing hidden import 'numpy.ma.tests.test_mrecords'
106263 INFO: Analyzing hidden import 'numpy.ma.tests.test_old_ma'
106329 INFO: Analyzing hidden import 'numpy.ma.tests.test_regression'
106335 INFO: Analyzing hidden import 'numpy.ma.tests.test_subclassing'
106358 INFO: Analyzing hidden import 'numpy.matrixlib.tests'
106359 INFO: Analyzing hidden import 'numpy.matrixlib.tests.test_defmatrix'
106389 INFO: Analyzing hidden import 'numpy.matrixlib.tests.test_interaction'
106407 INFO: Analyzing hidden import 'numpy.matrixlib.tests.test_masked_matrix'
106430 INFO: Analyzing hidden import 'numpy.matrixlib.tests.test_matrix_linalg'
106436 INFO: Analyzing hidden import 'numpy.matrixlib.tests.test_multiarray'
106439 INFO: Analyzing hidden import 'numpy.matrixlib.tests.test_numeric'
106442 INFO: Analyzing hidden import 'numpy.matrixlib.tests.test_regression'
106447 INFO: Analyzing hidden import 'numpy.polynomial.tests'
106447 INFO: Analyzing hidden import 'numpy.polynomial.tests.test_chebyshev'
106482 INFO: Analyzing hidden import 'numpy.polynomial.tests.test_classes'
106516 INFO: Analyzing hidden import 'numpy.polynomial.tests.test_hermite'
106550 INFO: Analyzing hidden import 'numpy.polynomial.tests.test_hermite_e'
106586 INFO: Analyzing hidden import 'numpy.polynomial.tests.test_laguerre'
106620 INFO: Analyzing hidden import 'numpy.polynomial.tests.test_legendre'
106654 INFO: Analyzing hidden import 'numpy.polynomial.tests.test_polynomial'
106749 INFO: Analyzing hidden import 'numpy.polynomial.tests.test_polyutils'
106761 INFO: Analyzing hidden import 'numpy.polynomial.tests.test_printing'
106786 INFO: Analyzing hidden import 'numpy.polynomial.tests.test_symbol'
106798 INFO: Analyzing hidden import 'numpy.random.tests'
106799 INFO: Analyzing hidden import 'numpy.random.tests.data'
106800 INFO: Analyzing hidden import 'numpy.random.tests.test_direct'
106831 INFO: Analyzing hidden import 'numpy.random.tests.test_extending'
106878 INFO: Analyzing hidden import 'numpy.random.tests.test_generator_mt19937'
107031 INFO: Analyzing hidden import 'numpy.random.tests.test_generator_mt19937_regressions'
107041 INFO: Analyzing hidden import 'numpy.random.tests.test_random'
107143 INFO: Analyzing hidden import 'numpy.random.tests.test_randomstate'
107253 INFO: Analyzing hidden import 'numpy.random.tests.test_randomstate_regression'
107266 INFO: Analyzing hidden import 'numpy.random.tests.test_regression'
107276 INFO: Analyzing hidden import 'numpy.random.tests.test_seed_sequence'
107281 INFO: Analyzing hidden import 'numpy.random.tests.test_smoke'
107328 INFO: Analyzing hidden import 'numpy.testing.print_coercion_tables'
107339 INFO: Analyzing hidden import 'numpy.testing.tests'
107340 INFO: Analyzing hidden import 'numpy.testing.tests.test_utils'
107435 INFO: Analyzing hidden import 'numpy.tests'
107436 INFO: Analyzing hidden import 'numpy.tests.test__all__'
107438 INFO: Analyzing hidden import 'numpy.tests.test_configtool'
107446 INFO: Analyzing hidden import 'numpy.tests.test_ctypeslib'
107473 INFO: Analyzing hidden import 'numpy.tests.test_lazyloading'
107476 INFO: Analyzing hidden import 'numpy.tests.test_matlib'
107481 INFO: Analyzing hidden import 'numpy.tests.test_numpy_config'
107485 INFO: Analyzing hidden import 'numpy.tests.test_numpy_version'
107490 INFO: Analyzing hidden import 'numpy.tests.test_public_api'
107510 INFO: Analyzing hidden import 'numpy.tests.test_reloading'
107515 INFO: Analyzing hidden import 'numpy.tests.test_scripts'
107519 INFO: Analyzing hidden import 'numpy.tests.test_warnings'
107524 INFO: Analyzing hidden import 'numpy.typing.mypy_plugin'
107532 INFO: Analyzing hidden import 'numpy.typing.tests'
107533 INFO: Analyzing hidden import 'numpy.typing.tests.test_isfile'
107538 INFO: Analyzing hidden import 'numpy.typing.tests.test_runtime'
107546 INFO: Analyzing hidden import 'numpy.typing.tests.test_typing'
107555 INFO: Analyzing hidden import 'pydantic.alias_generators'
107560 INFO: Analyzing hidden import 'pydantic.datetime_parse'
107562 INFO: Analyzing hidden import 'pydantic.decorator'
107564 INFO: Analyzing hidden import 'pydantic.deprecated.decorator'
107580 INFO: Analyzing hidden import 'pydantic.env_settings'
107583 INFO: Analyzing hidden import 'pydantic.experimental'
107585 INFO: Analyzing hidden import 'pydantic.experimental.pipeline'
107615 INFO: Analyzing hidden import 'pydantic.generics'
107617 INFO: Analyzing hidden import 'pydantic.json'
107619 INFO: Analyzing hidden import 'pydantic.mypy'
107671 INFO: Analyzing hidden import 'pydantic.parse'
107673 INFO: Analyzing hidden import 'pydantic.tools'
107675 INFO: Analyzing hidden import 'pydantic.v1._hypothesis_plugin'
107696 INFO: Analyzing hidden import 'pydantic.v1.generics'
107718 INFO: Analyzing hidden import 'pydantic.v1.mypy'
107757 INFO: Analyzing hidden import 'pydantic.validators'
107760 INFO: Analyzing hidden import 'sqlalchemy.connectors'
107763 INFO: Analyzing hidden import 'sqlalchemy.connectors.aioodbc'
107790 INFO: Analyzing hidden import 'sqlalchemy.dialects._typing'
107793 INFO: Analyzing hidden import 'sqlalchemy.dialects.mssql'
107938 INFO: Analyzing hidden import 'sqlalchemy.dialects.mssql.provision'
107946 INFO: Analyzing hidden import 'sqlalchemy.dialects.mysql'
108195 INFO: Analyzing hidden import 'sqlalchemy.dialects.mysql.mariadb'
108198 INFO: Analyzing hidden import 'sqlalchemy.dialects.mysql.provision'
108204 INFO: Analyzing hidden import 'sqlalchemy.dialects.oracle'
108389 INFO: Analyzing hidden import 'sqlalchemy.dialects.oracle.provision'
108400 INFO: Analyzing hidden import 'sqlalchemy.dialects.postgresql'
109129 INFO: Analyzing hidden import 'sqlalchemy.dialects.postgresql.provision'
109137 INFO: Analyzing hidden import 'sqlalchemy.dialects.sqlite'
109245 INFO: Analyzing hidden import 'sqlalchemy.dialects.sqlite.provision'
109253 INFO: Analyzing hidden import 'sqlalchemy.engine.strategies'
109255 INFO: Analyzing hidden import 'sqlalchemy.events'
109258 INFO: Analyzing hidden import 'sqlalchemy.ext.associationproxy'
109320 INFO: Analyzing hidden import 'sqlalchemy.ext.automap'
109354 INFO: Analyzing hidden import 'sqlalchemy.ext.baked'
109374 INFO: Analyzing hidden import 'sqlalchemy.ext.declarative'
109391 INFO: Analyzing hidden import 'sqlalchemy.ext.horizontal_shard'
109409 INFO: Analyzing hidden import 'sqlalchemy.ext.hybrid'
109434 INFO: Analyzing hidden import 'sqlalchemy.ext.indexable'
109440 INFO: Analyzing hidden import 'sqlalchemy.ext.instrumentation'
109454 INFO: Analyzing hidden import 'sqlalchemy.ext.mutable'
109479 INFO: Analyzing hidden import 'sqlalchemy.ext.mypy'
109482 INFO: Analyzing hidden import 'sqlalchemy.ext.mypy.apply'
109542 INFO: Analyzing hidden import 'sqlalchemy.ext.mypy.decl_class'
109559 INFO: Analyzing hidden import 'sqlalchemy.ext.mypy.plugin'
109578 INFO: Analyzing hidden import 'sqlalchemy.ext.orderinglist'
109593 INFO: Analyzing hidden import 'sqlalchemy.ext.serializer'
109606 INFO: Analyzing hidden import 'sqlalchemy.testing'
110069 INFO: Analyzing hidden import 'sqlalchemy.testing.pickleable'
110076 INFO: Analyzing hidden import 'sqlalchemy.testing.plugin.bootstrap'
110079 INFO: Analyzing hidden import 'sqlalchemy.testing.plugin.pytestplugin'
110111 INFO: Analyzing hidden import 'sqlalchemy.testing.suite'
110553 INFO: Analyzing hidden import 'sqlalchemy.util.tool_support'
110562 INFO: Analyzing hidden import 'starlette.authentication'
110570 INFO: Analyzing hidden import 'starlette.config'
110578 INFO: Analyzing hidden import 'starlette.endpoints'
110586 INFO: Analyzing hidden import 'starlette.middleware.authentication'
110591 INFO: Analyzing hidden import 'starlette.middleware.sessions'
110597 INFO: Analyzing hidden import 'starlette.schemas'
110606 INFO: Analyzing hidden import 'uvicorn.__main__'
110609 INFO: Analyzing hidden import 'uvicorn.lifespan'
110611 INFO: Analyzing hidden import 'uvicorn.lifespan.off'
110616 INFO: Analyzing hidden import 'uvicorn.lifespan.on'
110623 INFO: Analyzing hidden import 'uvicorn.loops'
110623 INFO: Analyzing hidden import 'uvicorn.loops.asyncio'
110627 INFO: Analyzing hidden import 'uvicorn.loops.auto'
110633 INFO: Analyzing hidden import 'uvicorn.protocols.http.auto'
110635 INFO: Analyzing hidden import 'uvicorn.protocols.websockets.auto'
110639 INFO: Analyzing hidden import 'uvicorn.workers'
110646 INFO: Analyzing hidden import 'websockets.__main__'
110698 INFO: Analyzing hidden import 'websockets.auth'
110706 INFO: Analyzing hidden import 'websockets.connection'
110709 INFO: Analyzing hidden import 'websockets.http'
110712 INFO: Analyzing hidden import 'websockets.legacy.client'
110731 INFO: Analyzing hidden import 'websockets.sync.server'
110750 INFO: Processing module hooks (post-graph stage)...
110756 WARNING: Hidden import "pycparser.lextab" not found!
110756 WARNING: Hidden import "pycparser.yacctab" not found!
110882 INFO: Processing standard module hook 'hook-xml.etree.cElementTree.py' from 'C:\\Users\\rasou\\AppData\\Roaming\\Python\\Python312\\site-packages\\PyInstaller\\hooks'
111011 INFO: Processing standard module hook 'hook-sqlalchemy.py' from 'C:\\Users\\rasou\\AppData\\Roaming\\Python\\Python312\\site-packages\\PyInstaller\\hooks'
111705 WARNING: Hidden import "pysqlite2" not found!
111705 WARNING: Hidden import "MySQLdb" not found!
111849 INFO: Processing standard module hook 'hook-tzdata.py' from 'C:\\Users\\rasou\\AppData\\Roaming\\Python\\Python312\\site-packages\\_pyinstaller_hooks_contrib\\stdhooks'
112722 INFO: Performing binary vs. data reclassification (8535 entries)
145398 INFO: Looking for ctypes DLLs
145559 INFO: Analyzing run-time hooks ...
145569 INFO: Including run-time hook 'pyi_rth_inspect.py' from 'C:\\Users\\rasou\\AppData\\Roaming\\Python\\Python312\\site-packages\\PyInstaller\\hooks\\rthooks'
145574 INFO: Including run-time hook 'pyi_rth_pkgutil.py' from 'C:\\Users\\rasou\\AppData\\Roaming\\Python\\Python312\\site-packages\\PyInstaller\\hooks\\rthooks'
145578 INFO: Including run-time hook 'pyi_rth_multiprocessing.py' from 'C:\\Users\\rasou\\AppData\\Roaming\\Python\\Python312\\site-packages\\PyInstaller\\hooks\\rthooks'
145584 INFO: Including run-time hook 'pyi_rth_setuptools.py' from 'C:\\Users\\rasou\\AppData\\Roaming\\Python\\Python312\\site-packages\\PyInstaller\\hooks\\rthooks'
145587 INFO: Including run-time hook 'pyi_rth_cryptography_openssl.py' from 'C:\\Users\\rasou\\AppData\\Roaming\\Python\\Python312\\site-packages\\_pyinstaller_hooks_contrib\\rthooks'
145935 INFO: Creating base_library.zip...
145968 INFO: Looking for dynamic libraries
C:\Users\rasou\AppData\Roaming\Python\Python312\site-packages\pydantic\experimental\__init__.py:7: PydanticExperimentalWarning: This module is experimental, its contents are subject to change and deprecation.
  warnings.warn(
149629 INFO: Extra DLL search directories (AddDllDirectory): ['C:\\Users\\rasou\\AppData\\Roaming\\Python\\Python312\\site-packages\\numpy.libs']
149629 INFO: Extra DLL search directories (PATH): []
151911 INFO: Warnings written to D:\yasara_clean\build\windows\YaSara\warn-YaSara.txt
152151 INFO: Graph cross-reference written to D:\yasara_clean\build\windows\YaSara\xref-YaSara.html
152618 INFO: checking PYZ
152619 INFO: Building PYZ because PYZ-00.toc is non existent
152619 INFO: Building PYZ (ZlibArchive) D:\yasara_clean\build\windows\YaSara\PYZ-00.pyz
154441 INFO: Building PYZ (ZlibArchive) D:\yasara_clean\build\windows\YaSara\PYZ-00.pyz completed successfully.
154498 INFO: checking PKG
154498 INFO: Building PKG because PKG-00.toc is non existent
154498 INFO: Building PKG (CArchive) YaSara.pkg
154538 INFO: Building PKG (CArchive) YaSara.pkg completed successfully.
154539 INFO: Bootloader C:\Users\rasou\AppData\Roaming\Python\Python312\site-packages\PyInstaller\bootloader\Windows-64bit-intel\run.exe
154539 INFO: checking EXE
154539 INFO: Building EXE because EXE-00.toc is non existent
154540 INFO: Building EXE from EXE-00.toc
154540 INFO: Copying bootloader EXE to D:\yasara_clean\build\windows\YaSara\YaSara.exe
154583 INFO: Copying icon to EXE
154602 INFO: Copying 0 resources to EXE
154602 INFO: Embedding manifest in EXE
154635 INFO: Appending PKG archive to EXE
154646 INFO: Fixing EXE headers
155123 INFO: Building EXE from EXE-00.toc completed successfully.
155311 INFO: checking COLLECT
155311 INFO: Building COLLECT because COLLECT-00.toc is non existent
155312 INFO: Building COLLECT COLLECT-00.toc
170487 INFO: Building COLLECT COLLECT-00.toc completed successfully.
170689 INFO: Build complete! The results are available in: D:\yasara_clean\dist\windows\portable
INFO:     Started server process [1876]
INFO:     Waiting for application startup.
INFO:     Application startup complete.
INFO:     Uvicorn running on http://127.0.0.1:8000 (Press CTRL+C to quit)
