[main 363eb213] YaSara verified release 2026-07-14 03:31:03 +0330
 63 files changed, 47685 insertions(+), 3624 deletions(-)
 create mode 100644 .build_stage/backend/app/platform_core/release_manager/__init__.py
 create mode 100644 .build_stage/backend/app/platform_core/release_manager/service.py
 create mode 100644 .build_stage/backend/app/platform_core/release_manager/tool_discovery.py
 create mode 100644 ARCHITECTURE.md
 create mode 100644 __pycache__/yasara.cpython-312.pyc
 create mode 100644 backend/app/platform_core/release_manager/__init__.py
 create mode 100644 backend/app/platform_core/release_manager/__pycache__/__init__.cpython-312.pyc
 create mode 100644 backend/app/platform_core/release_manager/__pycache__/service.cpython-312.pyc
 create mode 100644 backend/app/platform_core/release_manager/__pycache__/tool_discovery.cpython-312.pyc
 create mode 100644 backend/app/platform_core/release_manager/service.py
 create mode 100644 backend/app/platform_core/release_manager/tool_discovery.py
 create mode 100644 backend/tests/__pycache__/test_sprint48_release_manager.cpython-312-pytest-8.3.4.pyc
 create mode 100644 backend/tests/test_sprint48_release_manager.py
 create mode 100644 dist/windows/portable/YaSara/_internal/backend/app/platform_core/release_manager/__init__.py
 create mode 100644 dist/windows/portable/YaSara/_internal/backend/app/platform_core/release_manager/service.py
 create mode 100644 dist/windows/portable/YaSara/_internal/backend/app/platform_core/release_manager/tool_discovery.py
 create mode 100644 runtime_reports/release_diagnostics.json
 create mode 100644 runtime_reports/release_logs/01_git_add.log
 create mode 100644 runtime_reports/release_logs/01_git_repo.log
 create mode 100644 runtime_reports/release_logs/02_git_add.log
 create mode 100644 runtime_reports/release_logs/02_git_diff_check.log
 create mode 100644 runtime_reports/release_logs/03_git_diff_check.log
 create mode 100644 runtime_reports/release_logs/03_tests.log
 create mode 100644 runtime_reports/release_logs/04_frontend_build.log
 create mode 100644 runtime_reports/release_logs/04_tests.log
 create mode 100644 runtime_reports/release_logs/05_frontend_build.log
 create mode 100644 runtime_reports/release_logs/05_windows_build.log
 create mode 100644 runtime_reports/release_logs/06_packaged_backend_validation.log
 create mode 100644 runtime_reports/release_logs/06_windows_build.log
 create mode 100644 runtime_reports/release_logs/07_executable_validation.log
 create mode 100644 runtime_reports/release_logs/07_packaged_backend.log
 create mode 100644 runtime_reports/release_logs/08_dashboard_validation.log
 create mode 100644 runtime_reports/release_logs/08_executable_validation.log
 create mode 100644 runtime_reports/release_logs/09_dashboard_validation.log
 create mode 100644 runtime_reports/release_report.json
 create mode 100644 scripts/check_release_manager_v2.py
